Step: build-step-credential-initializer:

{"level":"warn","ts":1547647692.663646,"logger":"fallback-logger","caller":"logging/config.go:65","msg":"Fetch GitHub commit ID from kodata failed: \"ref: refs/heads/test\" is not a valid GitHub commit ID"}
{"level":"info","ts":1547647692.6641657,"logger":"fallback-logger","caller":"creds-init/main.go:40","msg":"Credentials initialized."}
Step: build-step-git-source-0:

{"level":"warn","ts":1547647694.6554804,"logger":"fallback-logger","caller":"logging/config.go:65","msg":"Fetch GitHub commit ID from kodata failed: \"ref: refs/heads/test\" is not a valid GitHub commit ID"}
{"level":"info","ts":1547647696.1093955,"logger":"fallback-logger","caller":"git-init/main.go:92","msg":"Successfully cloned \"https://github.com/cloudbees/cloudbees-apps.git\" @ \"c2165bc647da554e3403e3eedbb4c99f72193dec\" in path \"/workspace\""}
Step: build-step-jenkins:

Picked up _JAVA_OPTIONS: -Xmx512m
Started
Running in Durability level: PERFORMANCE_OPTIMIZED
  30.241 [id=36]	WARNING	i.f.k.c.i.VersionUsageUtils#alert: The client is using resource type 'customresourcedefinitions' with unstable version 'v1beta1'
[Pipeline] node
Running on Jenkins in /tmp/jenkinsTests.tmp/jenkins565958563732250532test/workspace/job
  66.286 [id=88]	WARNING	o.j.plugins.workflow.cps.DSL#invokeStep: Error storing the arguments for step: checkout
org.kohsuke.stapler.NoStaplerConstructorException: There's no @DataBoundConstructor on any constructor of class io.jenkins.jenkinsfile.runner.FileSystemSCM
	at org.kohsuke.stapler.ClassDescriptor.loadConstructorParamNames(ClassDescriptor.java:265)
	at org.jenkinsci.plugins.structs.describable.DescribableModel.<init>(DescribableModel.java:144)
	at org.jenkinsci.plugins.structs.describable.DescribableModel.of(DescribableModel.java:114)
	at org.jenkinsci.plugins.workflow.cps.actions.ArgumentsActionImpl.sanitizeObjectAndRecordMutation(ArgumentsActionImpl.java:294)
	at org.jenkinsci.plugins.workflow.cps.actions.ArgumentsActionImpl.sanitizeMapAndRecordMutation(ArgumentsActionImpl.java:386)
	at org.jenkinsci.plugins.workflow.cps.actions.ArgumentsActionImpl.<init>(ArgumentsActionImpl.java:74)
	at org.jenkinsci.plugins.workflow.cps.DSL.invokeStep(DSL.java:245)
	at org.jenkinsci.plugins.workflow.cps.DSL.invokeMethod(DSL.java:178)
	at org.jenkinsci.plugins.workflow.cps.CpsScript.invokeMethod(CpsScript.java:122)
	at org.codehaus.groovy.runtime.callsite.PogoMetaClassSite.call(PogoMetaClassSite.java:48)
	at org.codehaus.groovy.runtime.callsite.CallSiteArray.defaultCall(CallSiteArray.java:48)
	at org.codehaus.groovy.runtime.callsite.AbstractCallSite.call(AbstractCallSite.java:113)
	at com.cloudbees.groovy.cps.sandbox.DefaultInvoker.methodCall(DefaultInvoker.java:20)
	at com.cloudbees.groovy.cps.impl.ContinuationGroup.methodCall(ContinuationGroup.java:57)
	at com.cloudbees.groovy.cps.impl.FunctionCallBlock$ContinuationImpl.dispatchOrArg(FunctionCallBlock.java:109)
	at com.cloudbees.groovy.cps.impl.FunctionCallBlock$ContinuationImpl.fixArg(FunctionCallBlock.java:82)
	at sun.reflect.GeneratedMethodAccessor153.invoke(Unknown Source)
	at sun.reflect.DelegatingMethodAccessorImpl.invoke(DelegatingMethodAccessorImpl.java:43)
	at java.lang.reflect.Method.invoke(Method.java:498)
	at com.cloudbees.groovy.cps.impl.ContinuationPtr$ContinuationImpl.receive(ContinuationPtr.java:72)
	at com.cloudbees.groovy.cps.impl.PropertyishBlock$ContinuationImpl.get(PropertyishBlock.java:76)
	at com.cloudbees.groovy.cps.LValueBlock$GetAdapter.receive(LValueBlock.java:30)
	at com.cloudbees.groovy.cps.impl.PropertyishBlock$ContinuationImpl.fixName(PropertyishBlock.java:66)
	at sun.reflect.GeneratedMethodAccessor158.invoke(Unknown Source)
	at sun.reflect.DelegatingMethodAccessorImpl.invoke(DelegatingMethodAccessorImpl.java:43)
	at java.lang.reflect.Method.invoke(Method.java:498)
	at com.cloudbees.groovy.cps.impl.ContinuationPtr$ContinuationImpl.receive(ContinuationPtr.java:72)
	at com.cloudbees.groovy.cps.impl.ConstantBlock.eval(ConstantBlock.java:21)
	at com.cloudbees.groovy.cps.Next.step(Next.java:83)
	at com.cloudbees.groovy.cps.Continuable$1.call(Continuable.java:174)
	at com.cloudbees.groovy.cps.Continuable$1.call(Continuable.java:163)
	at org.codehaus.groovy.runtime.GroovyCategorySupport$ThreadCategoryInfo.use(GroovyCategorySupport.java:129)
	at org.codehaus.groovy.runtime.GroovyCategorySupport.use(GroovyCategorySupport.java:268)
	at com.cloudbees.groovy.cps.Continuable.run0(Continuable.java:163)
	at org.jenkinsci.plugins.workflow.cps.SandboxContinuable.access$101(SandboxContinuable.java:34)
	at org.jenkinsci.plugins.workflow.cps.SandboxContinuable.lambda$run0$0(SandboxContinuable.java:59)
	at org.jenkinsci.plugins.scriptsecurity.sandbox.groovy.GroovySandbox.runInSandbox(GroovySandbox.java:121)
	at org.jenkinsci.plugins.workflow.cps.SandboxContinuable.run0(SandboxContinuable.java:58)
	at org.jenkinsci.plugins.workflow.cps.CpsThread.runNextChunk(CpsThread.java:182)
	at org.jenkinsci.plugins.workflow.cps.CpsThreadGroup.run(CpsThreadGroup.java:332)
	at org.jenkinsci.plugins.workflow.cps.CpsThreadGroup.access$200(CpsThreadGroup.java:83)
	at org.jenkinsci.plugins.workflow.cps.CpsThreadGroup$2.call(CpsThreadGroup.java:244)
	at org.jenkinsci.plugins.workflow.cps.CpsThreadGroup$2.call(CpsThreadGroup.java:232)
	at org.jenkinsci.plugins.workflow.cps.CpsVmExecutorService$2.call(CpsVmExecutorService.java:64)
	at java.util.concurrent.FutureTask.run(FutureTask.java:266)
	at hudson.remoting.SingleLaneExecutorService$1.run(SingleLaneExecutorService.java:131)
	at jenkins.util.ContextResettingExecutorService$1.run(ContextResettingExecutorService.java:28)
	at jenkins.security.ImpersonatingExecutorService$1.run(ImpersonatingExecutorService.java:59)
	at java.util.concurrent.Executors$RunnableAdapter.call(Executors.java:511)
	at java.util.concurrent.FutureTask.run(FutureTask.java:266)
	at java.util.concurrent.ThreadPoolExecutor.runWorker(ThreadPoolExecutor.java:1149)
	at java.util.concurrent.ThreadPoolExecutor$Worker.run(ThreadPoolExecutor.java:624)
	at java.lang.Thread.run(Thread.java:748)
[Pipeline] {
[Pipeline] stage
[Pipeline] { (Declarative: Checkout SCM)
[Pipeline] checkout
[Pipeline] }
[Pipeline] // stage
[Pipeline] withCredentials
[Pipeline] {
[Pipeline] withEnv
[Pipeline] {
[Pipeline] stage
[Pipeline] { (CI Build and push snapshot)
Stage "CI Build and push snapshot" skipped due to when conditional
[Pipeline] }
[Pipeline] // stage
[Pipeline] stage
[Pipeline] { (Build Release)
[Pipeline] dir
Running in /home/jenkins/go/src/github.com/cloudbees/cloudbees-apps
[Pipeline] {
[Pipeline] git
Cloning the remote Git repository
Cloning repository https://github.com/cloudbees/cloudbees-apps
 > git init /home/jenkins/go/src/github.com/cloudbees/cloudbees-apps # timeout=10
Fetching upstream changes from https://github.com/cloudbees/cloudbees-apps
 > git --version # timeout=10
 > git fetch --tags --progress https://github.com/cloudbees/cloudbees-apps +refs/heads/*:refs/remotes/origin/*
 > git config remote.origin.url https://github.com/cloudbees/cloudbees-apps # timeout=10
 > git config --add remote.origin.fetch +refs/heads/*:refs/remotes/origin/* # timeout=10
 > git config remote.origin.url https://github.com/cloudbees/cloudbees-apps # timeout=10
Fetching upstream changes from https://github.com/cloudbees/cloudbees-apps
 > git fetch --tags --progress https://github.com/cloudbees/cloudbees-apps +refs/heads/*:refs/remotes/origin/*
 > git rev-parse refs/remotes/origin/master^{commit} # timeout=10
 > git rev-parse refs/remotes/origin/origin/master^{commit} # timeout=10
Checking out Revision c2165bc647da554e3403e3eedbb4c99f72193dec (refs/remotes/origin/master)
 > git config core.sparsecheckout # timeout=10
 > git checkout -f c2165bc647da554e3403e3eedbb4c99f72193dec
 > git branch -a -v --no-abbrev # timeout=10
 > git checkout -b master c2165bc647da554e3403e3eedbb4c99f72193dec
Commit message: "Merge pull request #38 from cloudbees/updatebot-1e4b9e99-97cb-4350-8e7e-37f980816866"
First time build. Skipping changelog.
[Pipeline] }
[Pipeline] // dir
[Pipeline] dir
Running in /home/jenkins/go/src/github.com/cloudbees/cloudbees-apps
[Pipeline] {
[Pipeline] sh
+ git checkout master
Already on 'master'
[Pipeline] sh
+ git config --global credential.helper store
[Pipeline] sh
+ jx step git credentials
Generated Git credentials file /home/jenkins/git/credentials
[Pipeline] sh
+ jx-release-version
+ echo 0.0.45
[Pipeline] }
[Pipeline] // dir
[Pipeline] dir
Running in /home/jenkins/go/src/github.com/cloudbees/cloudbees-apps
[Pipeline] {
[Pipeline] sh
+ cat VERSION
+ VERSION=0.0.45 make build
jx upgrade extensions repository --batch-mode
Cannot determine existing version for jx.go. Upgrading to 0.0.24 anyway.
Cannot determine existing version for jx.goPublish. Upgrading to 0.0.24 anyway.
Cannot determine existing version for jx.goAnalyzer. Upgrading to 0.0.24 anyway.
Cannot determine existing version for jx.goAnalyzerInstall. Upgrading to 0.0.24 anyway.
Cannot determine existing version for jx.goAnalyzerUpgrade. Upgrading to 0.0.24 anyway.
Cannot determine existing version for jx.goAnalyzerUninstall. Upgrading to 0.0.24 anyway.
Cannot determine existing version for cloudbees.haha. Upgrading to 0.0.35 anyway.
Cannot determine existing version for cloudbees.hahaInstall. Upgrading to 0.0.35 anyway.
Cannot determine existing version for cloudbees.hahaUpgrade. Upgrading to 0.0.35 anyway.
Cannot determine existing version for jx.hahaUninstall. Upgrading to 0.0.35 anyway.
Cannot determine existing version for jx.mavenCodeQuality. Upgrading to 0.0.66 anyway.
Cannot determine existing version for jx.jacocoMaven. Upgrading to 0.0.82 anyway.
Cannot determine existing version for jx.jacocoMavenRun. Upgrading to 0.0.82 anyway.
Cannot determine existing version for jx.jacocoMavenPublish. Upgrading to 0.0.82 anyway.
Cannot determine existing version for jx.jacocoAnalyzer. Upgrading to 0.0.82 anyway.
Cannot determine existing version for jx.jacocoAnalyzerInstall. Upgrading to 0.0.82 anyway.
Cannot determine existing version for jx.jacocoAnalyzerUpgrade. Upgrading to 0.0.82 anyway.
Cannot determine existing version for jx.jacocoAnalyzerUninstall. Upgrading to 0.0.82 anyway.
Cannot determine existing version for jx.spotbugsMaven. Upgrading to 0.0.33 anyway.
Cannot determine existing version for jx.spotbugsMavenRun. Upgrading to 0.0.33 anyway.
Cannot determine existing version for jx.spotbugsMavenPublish. Upgrading to 0.0.33 anyway.
Cannot determine existing version for jx.spotbugsAnalyzer. Upgrading to 0.0.33 anyway.
Cannot determine existing version for jx.spotbugsAnalyzerInstall. Upgrading to 0.0.33 anyway.
Cannot determine existing version for jx.spotbugsAnalyzerUpgrade. Upgrading to 0.0.33 anyway.
Cannot determine existing version for jx.spotbugsAnalyzerUninstall. Upgrading to 0.0.33 anyway.
We recommend you explicitly specify the UUID for childUUID jx.jacocoMavenRun on extension jx.jacocoMaven as this will stop the extension breaking if names are changed.
If you are the maintainer of the extension definition add 

      UUID: 9e5d0a9e-c7c7-11e8-a8d5-f2801f1b9fd1

to the childUUID definition. 
If you aren't the maintainer of the extension definition we recommend you contact them and askthem to add the UUID.

This does not stop you using the extension, as we have been able to discover and attach the UUID to the childUUID based on the fully qualified name.
We recommend you explicitly specify the UUID for childUUID jx.jacocoMavenPublish on extension jx.jacocoMaven as this will stop the extension breaking if names are changed.
If you are the maintainer of the extension definition add 

      UUID: 9e5d0e40-c7c7-11e8-a8d5-f2801f1b9fd1

to the childUUID definition. 
If you aren't the maintainer of the extension definition we recommend you contact them and askthem to add the UUID.

This does not stop you using the extension, as we have been able to discover and attach the UUID to the childUUID based on the fully qualified name.
We recommend you explicitly specify the UUID for childUUID jx.jacocoMaven on extension jx.mavenCodeQuality as this will stop the extension breaking if names are changed.
If you are the maintainer of the extension definition add 

      UUID: 89cbaa0c-c954-11e8-a8d5-f2801f1b9fd1

to the childUUID definition. 
If you aren't the maintainer of the extension definition we recommend you contact them and askthem to add the UUID.

This does not stop you using the extension, as we have been able to discover and attach the UUID to the childUUID based on the fully qualified name.
Updating extensions repository from  to 0.0.45. 
rm -rf 'charts/cloudbees-apps/repository'
mkdir -p 'charts/cloudbees-apps/repository'
cp -r 'jenkins-x-extensions-repository.lock.yaml' 'charts/cloudbees-apps/repository'
[Pipeline] }
[Pipeline] // dir
[Pipeline] dir
Running in /home/jenkins/go/src/github.com/cloudbees/cloudbees-apps/charts/cloudbees-apps
[Pipeline] {
[Pipeline] sh
+ make tag
sed -i -e "s/version:.*/version: 0.0.45/" Chart.yaml
sed -i -e "s/tag: .*/tag: 0.0.45/" values.yaml
git add --all
git commit -m "release 0.0.45" --allow-empty # if first release then no verion update is performed
[master 3d7a6be] release 0.0.45
 5 files changed, 307 insertions(+), 4 deletions(-)
 create mode 100644 charts/cloudbees-apps@tmp/durable-a69a4519/jenkins-log.txt
 create mode 100644 charts/cloudbees-apps@tmp/durable-a69a4519/script.sh
 rewrite jenkins-x-extensions-repository.lock.yaml (100%)
git tag -fa v0.0.45 -m "Release version 0.0.45"
git push origin v0.0.45
To https://github.com/cloudbees/cloudbees-apps
 * [new tag]         v0.0.45 -> v0.0.45
[Pipeline] }
[Pipeline] // dir
[Pipeline] }
[Pipeline] // stage
[Pipeline] stage
[Pipeline] { (Promote)
[Pipeline] dir
Running in /home/jenkins/go/src/github.com/cloudbees/cloudbees-apps/charts/cloudbees-apps
[Pipeline] {
[Pipeline] sh
+ cat ../../VERSION
+ VERSION=0.0.45 make release
rm -rf charts
rm -rf cloudbees-apps*.tgz
helm dependency build
No requirements found in ./charts.
helm lint
==> Linting .
[WARNING] templates/: directory not found

1 chart(s) linted, no failures
helm init --client-only --upgrade --force-upgrade --wait
Creating /builder/home/.helm 
Creating /builder/home/.helm/repository 
Creating /builder/home/.helm/repository/cache 
Creating /builder/home/.helm/repository/local 
Creating /builder/home/.helm/plugins 
Creating /builder/home/.helm/starters 
Creating /builder/home/.helm/cache/archive 
Creating /builder/home/.helm/repository/repositories.yaml 
Adding stable repo with URL: https://kubernetes-charts.storage.googleapis.com 
Adding local repo with URL: http://127.0.0.1:8879/charts 
$HELM_HOME has been configured at /builder/home/.helm.
Not installing Tiller due to 'client-only' flag having been set
Happy Helming!
helm repo add --username **** --password **** chartmuseum https://chartmuseum.jx.charts-****.cloudbees.com
"chartmuseum" has been added to your repositories
helm package .
Successfully packaged chart and saved it to: /home/jenkins/go/src/github.com/cloudbees/cloudbees-apps/charts/cloudbees-apps/cloudbees-apps-0.0.45.tgz
curl --fail -u **** --data-binary "@cloudbees-apps-0.0.45.tgz" https://chartmuseum.jx.charts-****.cloudbees.com/api/charts
  % Total    % Received % Xferd  Average Speed   Time    Time     Time  Current
                                 Dload  Upload   Total   Spent    Left  Speed
  0     0    0     0    0     0      0      0 --:--:-- --:--:-- --:--:--     0100  3037  100    14  100  3023     33   7141 --:--:-- --:--:-- --:--:--  7146
{"saved":true}rm -rf cloudbees-apps*.tgz%
[Pipeline] sh
+ cat ../../VERSION
+ jx step changelog --version v0.0.45
Using batch mode as inside a pipeline
Generating change log from git ref v0.0.6 => 3d7a6bede7da9d4116183d309fc5c81b47871102
error: object not found
[Pipeline] }
[Pipeline] // dir
[Pipeline] }
[Pipeline] // stage
[Pipeline] }
[Pipeline] // withEnv
[Pipeline] }
[Pipeline] // withCredentials
[Pipeline] }
[Pipeline] // node
[Pipeline] End of Pipeline
ERROR: script returned exit code 1
Finished: FAILURE
