Step: build-step-credential-initializer:

{"level":"warn","ts":1547717215.1050465,"logger":"fallback-logger","caller":"logging/config.go:65","msg":"Fetch GitHub commit ID from kodata failed: \"ref: refs/heads/test\" is not a valid GitHub commit ID"}
{"level":"info","ts":1547717215.1060493,"logger":"fallback-logger","caller":"creds-init/main.go:40","msg":"Credentials initialized."}
Step: build-step-git-source-0:

{"level":"warn","ts":1547717216.1509683,"logger":"fallback-logger","caller":"logging/config.go:65","msg":"Fetch GitHub commit ID from kodata failed: \"ref: refs/heads/test\" is not a valid GitHub commit ID"}
{"level":"info","ts":1547717218.3962555,"logger":"fallback-logger","caller":"git-init/main.go:92","msg":"Successfully cloned \"https://github.com/cloudbees/core-backend.git\" @ \"96ef30117fb93f0c4cbbfea302d61fd9e667d006\" in path \"/workspace\""}
Step: build-step-jenkins:

Picked up _JAVA_OPTIONS: -Xmx512m
Started
Running in Durability level: PERFORMANCE_OPTIMIZED
  57.318 [id=38]	WARNING	i.f.k.c.i.VersionUsageUtils#alert: The client is using resource type 'customresourcedefinitions' with unstable version 'v1beta1'
[Pipeline] node
Running on Jenkins in /tmp/jenkinsTests.tmp/jenkins2395844734224478732test/workspace/job
  78.123 [id=62]	WARNING	o.j.plugins.workflow.cps.DSL#invokeStep: Error storing the arguments for step: checkout
org.kohsuke.stapler.NoStaplerConstructorException: There's no @DataBoundConstructor on any constructor of class io.jenkins.jenkinsfile.runner.FileSystemSCM
	at org.kohsuke.stapler.ClassDescriptor.loadConstructorParamNames(ClassDescriptor.java:265)
	at org.jenkinsci.plugins.structs.describable.DescribableModel.<init>(DescribableModel.java:144)
	at org.jenkinsci.plugins.structs.describable.DescribableModel.of(DescribableModel.java:114)
	at org.jenkinsci.plugins.workflow.cps.actions.ArgumentsActionImpl.sanitizeObjectAndRecordMutation(ArgumentsActionImpl.java:294)
	at org.jenkinsci.plugins.workflow.cps.actions.ArgumentsActionImpl.sanitizeMapAndRecordMutation(ArgumentsActionImpl.java:386)
	at org.jenkinsci.plugins.workflow.cps.actions.ArgumentsActionImpl.<init>(ArgumentsActionImpl.java:74)
	at org.jenkinsci.plugins.workflow.cps.DSL.invokeStep(DSL.java:245)
	at org.jenkinsci.plugins.workflow.cps.DSL.invokeMethod(DSL.java:178)
	at org.jenkinsci.plugins.workflow.cps.CpsScript.invokeMethod(CpsScript.java:122)
	at org.codehaus.groovy.runtime.callsite.PogoMetaClassSite.call(PogoMetaClassSite.java:48)
	at org.codehaus.groovy.runtime.callsite.CallSiteArray.defaultCall(CallSiteArray.java:48)
	at org.codehaus.groovy.runtime.callsite.AbstractCallSite.call(AbstractCallSite.java:113)
	at com.cloudbees.groovy.cps.sandbox.DefaultInvoker.methodCall(DefaultInvoker.java:20)
	at com.cloudbees.groovy.cps.impl.ContinuationGroup.methodCall(ContinuationGroup.java:57)
	at com.cloudbees.groovy.cps.impl.FunctionCallBlock$ContinuationImpl.dispatchOrArg(FunctionCallBlock.java:109)
	at com.cloudbees.groovy.cps.impl.FunctionCallBlock$ContinuationImpl.fixArg(FunctionCallBlock.java:82)
	at sun.reflect.GeneratedMethodAccessor166.invoke(Unknown Source)
	at sun.reflect.DelegatingMethodAccessorImpl.invoke(DelegatingMethodAccessorImpl.java:43)
	at java.lang.reflect.Method.invoke(Method.java:498)
	at com.cloudbees.groovy.cps.impl.ContinuationPtr$ContinuationImpl.receive(ContinuationPtr.java:72)
	at com.cloudbees.groovy.cps.impl.PropertyishBlock$ContinuationImpl.get(PropertyishBlock.java:76)
	at com.cloudbees.groovy.cps.LValueBlock$GetAdapter.receive(LValueBlock.java:30)
	at com.cloudbees.groovy.cps.impl.PropertyishBlock$ContinuationImpl.fixName(PropertyishBlock.java:66)
	at sun.reflect.GeneratedMethodAccessor171.invoke(Unknown Source)
	at sun.reflect.DelegatingMethodAccessorImpl.invoke(DelegatingMethodAccessorImpl.java:43)
	at java.lang.reflect.Method.invoke(Method.java:498)
	at com.cloudbees.groovy.cps.impl.ContinuationPtr$ContinuationImpl.receive(ContinuationPtr.java:72)
	at com.cloudbees.groovy.cps.impl.ConstantBlock.eval(ConstantBlock.java:21)
	at com.cloudbees.groovy.cps.Next.step(Next.java:83)
	at com.cloudbees.groovy.cps.Continuable$1.call(Continuable.java:174)
	at com.cloudbees.groovy.cps.Continuable$1.call(Continuable.java:163)
	at org.codehaus.groovy.runtime.GroovyCategorySupport$ThreadCategoryInfo.use(GroovyCategorySupport.java:129)
	at org.codehaus.groovy.runtime.GroovyCategorySupport.use(GroovyCategorySupport.java:268)
	at com.cloudbees.groovy.cps.Continuable.run0(Continuable.java:163)
	at org.jenkinsci.plugins.workflow.cps.SandboxContinuable.access$101(SandboxContinuable.java:34)
	at org.jenkinsci.plugins.workflow.cps.SandboxContinuable.lambda$run0$0(SandboxContinuable.java:59)
	at org.jenkinsci.plugins.scriptsecurity.sandbox.groovy.GroovySandbox.runInSandbox(GroovySandbox.java:121)
	at org.jenkinsci.plugins.workflow.cps.SandboxContinuable.run0(SandboxContinuable.java:58)
	at org.jenkinsci.plugins.workflow.cps.CpsThread.runNextChunk(CpsThread.java:182)
	at org.jenkinsci.plugins.workflow.cps.CpsThreadGroup.run(CpsThreadGroup.java:332)
	at org.jenkinsci.plugins.workflow.cps.CpsThreadGroup.access$200(CpsThreadGroup.java:83)
	at org.jenkinsci.plugins.workflow.cps.CpsThreadGroup$2.call(CpsThreadGroup.java:244)
	at org.jenkinsci.plugins.workflow.cps.CpsThreadGroup$2.call(CpsThreadGroup.java:232)
	at org.jenkinsci.plugins.workflow.cps.CpsVmExecutorService$2.call(CpsVmExecutorService.java:64)
	at java.util.concurrent.FutureTask.run(FutureTask.java:266)
	at hudson.remoting.SingleLaneExecutorService$1.run(SingleLaneExecutorService.java:131)
	at jenkins.util.ContextResettingExecutorService$1.run(ContextResettingExecutorService.java:28)
	at jenkins.security.ImpersonatingExecutorService$1.run(ImpersonatingExecutorService.java:59)
	at java.util.concurrent.Executors$RunnableAdapter.call(Executors.java:511)
	at java.util.concurrent.FutureTask.run(FutureTask.java:266)
	at java.util.concurrent.ThreadPoolExecutor.runWorker(ThreadPoolExecutor.java:1149)
	at java.util.concurrent.ThreadPoolExecutor$Worker.run(ThreadPoolExecutor.java:624)
	at java.lang.Thread.run(Thread.java:748)
[Pipeline] {
[Pipeline] stage
[Pipeline] { (Declarative: Checkout SCM)
[Pipeline] checkout
[Pipeline] }
[Pipeline] // stage
[Pipeline] withCredentials
[Pipeline] {
[Pipeline] withEnv
[Pipeline] {
[Pipeline] stage
[Pipeline] { (CI Build and Test)
  79.610 [id=88]	WARNING	o.j.plugins.workflow.cps.DSL#invokeStep: Error storing the arguments for step: checkout
org.kohsuke.stapler.NoStaplerConstructorException: There's no @DataBoundConstructor on any constructor of class io.jenkins.jenkinsfile.runner.FileSystemSCM
	at org.kohsuke.stapler.ClassDescriptor.loadConstructorParamNames(ClassDescriptor.java:265)
	at org.jenkinsci.plugins.structs.describable.DescribableModel.<init>(DescribableModel.java:144)
	at org.jenkinsci.plugins.structs.describable.DescribableModel.of(DescribableModel.java:114)
	at org.jenkinsci.plugins.workflow.cps.actions.ArgumentsActionImpl.sanitizeObjectAndRecordMutation(ArgumentsActionImpl.java:294)
	at org.jenkinsci.plugins.workflow.cps.actions.ArgumentsActionImpl.sanitizeMapAndRecordMutation(ArgumentsActionImpl.java:386)
	at org.jenkinsci.plugins.workflow.cps.actions.ArgumentsActionImpl.<init>(ArgumentsActionImpl.java:74)
	at org.jenkinsci.plugins.workflow.cps.DSL.invokeStep(DSL.java:245)
	at org.jenkinsci.plugins.workflow.cps.DSL.invokeMethod(DSL.java:178)
	at org.jenkinsci.plugins.workflow.cps.CpsScript.invokeMethod(CpsScript.java:122)
	at sun.reflect.NativeMethodAccessorImpl.invoke0(Native Method)
	at sun.reflect.NativeMethodAccessorImpl.invoke(NativeMethodAccessorImpl.java:62)
	at sun.reflect.DelegatingMethodAccessorImpl.invoke(DelegatingMethodAccessorImpl.java:43)
	at java.lang.reflect.Method.invoke(Method.java:498)
	at org.codehaus.groovy.reflection.CachedMethod.invoke(CachedMethod.java:93)
	at groovy.lang.MetaMethod.doMethodInvoke(MetaMethod.java:325)
	at groovy.lang.MetaClassImpl.invokeMethod(MetaClassImpl.java:1213)
	at groovy.lang.MetaClassImpl.invokeMethod(MetaClassImpl.java:1022)
	at org.codehaus.groovy.runtime.callsite.PogoMetaClassSite.call(PogoMetaClassSite.java:42)
	at org.codehaus.groovy.runtime.callsite.CallSiteArray.defaultCall(CallSiteArray.java:48)
	at org.codehaus.groovy.runtime.callsite.AbstractCallSite.call(AbstractCallSite.java:113)
	at org.kohsuke.groovy.sandbox.impl.Checker$1.call(Checker.java:157)
	at org.kohsuke.groovy.sandbox.GroovyInterceptor.onMethodCall(GroovyInterceptor.java:23)
	at org.jenkinsci.plugins.scriptsecurity.sandbox.groovy.SandboxInterceptor.onMethodCall(SandboxInterceptor.java:155)
	at org.kohsuke.groovy.sandbox.impl.Checker$1.call(Checker.java:155)
	at org.kohsuke.groovy.sandbox.impl.Checker.checkedCall(Checker.java:159)
	at org.kohsuke.groovy.sandbox.impl.Checker.checkedCall(Checker.java:129)
	at org.kohsuke.groovy.sandbox.impl.Checker.checkedCall(Checker.java:129)
	at com.cloudbees.groovy.cps.sandbox.SandboxInvoker.methodCall(SandboxInvoker.java:17)
	at com.cloudbees.groovy.cps.impl.ContinuationGroup.methodCall(ContinuationGroup.java:57)
	at com.cloudbees.groovy.cps.impl.FunctionCallBlock$ContinuationImpl.dispatchOrArg(FunctionCallBlock.java:109)
	at com.cloudbees.groovy.cps.impl.FunctionCallBlock$ContinuationImpl.fixArg(FunctionCallBlock.java:82)
	at sun.reflect.GeneratedMethodAccessor166.invoke(Unknown Source)
	at sun.reflect.DelegatingMethodAccessorImpl.invoke(DelegatingMethodAccessorImpl.java:43)
	at java.lang.reflect.Method.invoke(Method.java:498)
	at com.cloudbees.groovy.cps.impl.ContinuationPtr$ContinuationImpl.receive(ContinuationPtr.java:72)
	at com.cloudbees.groovy.cps.impl.PropertyishBlock$ContinuationImpl.get(PropertyishBlock.java:76)
	at com.cloudbees.groovy.cps.LValueBlock$GetAdapter.receive(LValueBlock.java:30)
	at com.cloudbees.groovy.cps.impl.PropertyishBlock$ContinuationImpl.fixName(PropertyishBlock.java:66)
	at sun.reflect.GeneratedMethodAccessor171.invoke(Unknown Source)
	at sun.reflect.DelegatingMethodAccessorImpl.invoke(DelegatingMethodAccessorImpl.java:43)
	at java.lang.reflect.Method.invoke(Method.java:498)
	at com.cloudbees.groovy.cps.impl.ContinuationPtr$ContinuationImpl.receive(ContinuationPtr.java:72)
	at com.cloudbees.groovy.cps.impl.ConstantBlock.eval(ConstantBlock.java:21)
	at com.cloudbees.groovy.cps.Next.step(Next.java:83)
	at com.cloudbees.groovy.cps.Continuable$1.call(Continuable.java:174)
	at com.cloudbees.groovy.cps.Continuable$1.call(Continuable.java:163)
	at org.codehaus.groovy.runtime.GroovyCategorySupport$ThreadCategoryInfo.use(GroovyCategorySupport.java:129)
	at org.codehaus.groovy.runtime.GroovyCategorySupport.use(GroovyCategorySupport.java:268)
	at com.cloudbees.groovy.cps.Continuable.run0(Continuable.java:163)
	at org.jenkinsci.plugins.workflow.cps.SandboxContinuable.access$101(SandboxContinuable.java:34)
	at org.jenkinsci.plugins.workflow.cps.SandboxContinuable.lambda$run0$0(SandboxContinuable.java:59)
	at org.jenkinsci.plugins.scriptsecurity.sandbox.groovy.GroovySandbox.runInSandbox(GroovySandbox.java:121)
	at org.jenkinsci.plugins.workflow.cps.SandboxContinuable.run0(SandboxContinuable.java:58)
	at org.jenkinsci.plugins.workflow.cps.CpsThread.runNextChunk(CpsThread.java:182)
	at org.jenkinsci.plugins.workflow.cps.CpsThreadGroup.run(CpsThreadGroup.java:332)
	at org.jenkinsci.plugins.workflow.cps.CpsThreadGroup.access$200(CpsThreadGroup.java:83)
	at org.jenkinsci.plugins.workflow.cps.CpsThreadGroup$2.call(CpsThreadGroup.java:244)
	at org.jenkinsci.plugins.workflow.cps.CpsThreadGroup$2.call(CpsThreadGroup.java:232)
	at org.jenkinsci.plugins.workflow.cps.CpsVmExecutorService$2.call(CpsVmExecutorService.java:64)
	at java.util.concurrent.FutureTask.run(FutureTask.java:266)
	at hudson.remoting.SingleLaneExecutorService$1.run(SingleLaneExecutorService.java:131)
	at jenkins.util.ContextResettingExecutorService$1.run(ContextResettingExecutorService.java:28)
	at jenkins.security.ImpersonatingExecutorService$1.run(ImpersonatingExecutorService.java:59)
	at java.util.concurrent.Executors$RunnableAdapter.call(Executors.java:511)
	at java.util.concurrent.FutureTask.run(FutureTask.java:266)
	at java.util.concurrent.ThreadPoolExecutor.runWorker(ThreadPoolExecutor.java:1149)
	at java.util.concurrent.ThreadPoolExecutor$Worker.run(ThreadPoolExecutor.java:624)
	at java.lang.Thread.run(Thread.java:748)
[Pipeline] echo
CI build is using docker registry: docker.io env: docker.io from JOB_NAME: job with CD_RELEASE_JOB_NAME: cloudbees/core-backend
[Pipeline] dir
Running in /home/jenkins/go/src/github.com/cloudbees/core-backend
[Pipeline] {
[Pipeline] checkout
[Pipeline] sh
+ make all
go: finding github.com/jstrachan/goa v0.0.0-20181221093540-6ea84ceb7d2e
go: finding github.com/armon/go-metrics v0.0.0-20180917152333-f0300d1749da
go: finding github.com/hashicorp/golang-lru v0.5.0
go: finding github.com/nlopes/slack v0.4.0
go: finding github.com/spf13/cobra v0.0.3
go: finding github.com/heptio/sonobuoy v0.12.0
go: finding github.com/manveru/faker v0.0.0-20171103152722-9fbc68a78c4d
go: finding k8s.io/client-go v8.0.0+incompatible
go: finding k8s.io/heapster v1.5.4
go: finding gopkg.in/AlecAivazis/survey.v1 v1.7.1
go: finding github.com/pkg/errors v0.8.1
go: finding github.com/jenkins-x/jx v1.3.699
go: finding github.com/zach-klippenstein/goregen v0.0.0-20160303162051-795b5e3961ea
go: finding k8s.io/metrics v0.0.0-20180620010437-b11cf31b380b
go: finding github.com/petergtz/pegomock v0.0.0-20181206220228-b113d17a7e81
go: finding golang.org/x/net v0.0.0-20190107210223-45ffb0cd1ba0
go: finding github.com/prometheus/common v0.0.0-20190107103113-2998b132700a
go: finding github.com/blang/semver v3.5.1+incompatible
go: finding github.com/dimfeld/httppath v0.0.0-20170720192232-ee938bf73598
go: finding gopkg.in/square/go-jose.v2 v2.2.2
go: finding github.com/jenkins-x/golang-jenkins v0.0.0-20180919102630-65b83ad42314
go: finding github.com/onsi/ginkgo v1.6.0
go: finding github.com/dimfeld/httptreemux v5.0.1+incompatible
go: finding github.com/hashicorp/go-immutable-radix v1.0.0
go: finding k8s.io/apiextensions-apiserver v0.0.0-20180621085152-bbc52469f98b
go: finding golang.org/x/oauth2 v0.0.0-20180620175406-ef147856a6dd
go: finding gopkg.in/src-d/go-git.v4 v4.5.0
go: finding github.com/google/go-github v17.0.0+incompatible
go: finding github.com/hashicorp/go-retryablehttp v0.0.0-20180718195005-e651d75abec6
go: finding github.com/xanzy/ssh-agent v0.2.0
go: finding github.com/spf13/viper v1.0.2
go: finding github.com/chromedp/chromedp v0.1.1
go: finding github.com/prometheus/client_model v0.0.0-20180712105110-5c3871d89910
go: finding github.com/go-openapi/spec v0.17.1
go: finding github.com/hashicorp/go-cleanhttp v0.5.0
go: finding github.com/gfleury/go-bitbucket-v1 v0.0.0-20181102191809-4910839b609e
go: finding github.com/imdario/mergo v0.3.5
go: finding github.com/sirupsen/logrus v1.2.0
go: finding github.com/russross/blackfriday v1.5.1
go: finding github.com/go-ole/go-ole v1.2.1
go: finding github.com/jenkins-x/draft-repo v0.0.0-20180417100212-2f66cc518135
go: finding github.com/prometheus/procfs v0.0.0-20180705121852-ae68e2d4c00f
go: finding code.gitea.io/sdk v0.0.0-20180702024448-79a281c4e34a
go: finding github.com/danwakefield/fnmatch v0.0.0-20160403171240-cbb64ac3d964
go: finding github.com/petergtz/pegomock v0.0.0-20181008215750-9750219ad78b
go: finding github.com/hashicorp/go-uuid v1.0.0
go: finding github.com/disintegration/imaging v1.4.2
go: finding gopkg.in/alecthomas/kingpin.v2 v2.2.6
go: finding github.com/matttproud/golang_protobuf_extensions v1.0.1
go: finding github.com/mattn/go-isatty v0.0.3
go: finding github.com/alexflint/go-filemutex v0.0.0-20171028004239-d358565f3c3f
go: finding github.com/acarl005/stripansi v0.0.0-20180116102854-5a71ef0e047d
go: finding github.com/pelletier/go-buffruneio v0.2.0
go: finding github.com/gobwas/glob v0.2.3
go: finding github.com/fatih/structs v1.0.0
go: finding github.com/cpuguy83/go-md2man v1.0.8
go: finding github.com/go-stack/stack v1.8.0
go: finding github.com/mwitkow/go-conntrack v0.0.0-20161129095857-cc309e4a2223
go: finding github.com/spf13/afero v1.1.1
go: finding golang.org/x/crypto v0.0.0-20180904163835-0709b304e793
go: finding github.com/hashicorp/hcl v0.0.0-20180404174102-ef8a98b0bbce
go: finding golang.org/x/net v0.0.0-20181005035420-146acd28ed58
go: finding github.com/google/go-querystring v0.0.0-20170111101155-53e6ce116135
go: finding github.com/golang/glog v0.0.0-20160126235308-23def4e6c14b
go: finding k8s.io/helm v2.7.2+incompatible
go: finding github.com/mattn/go-colorable v0.0.9
go: finding github.com/alecthomas/units v0.0.0-20151022065526-2efee857e7cf
go: finding github.com/hashicorp/go-multierror v1.0.0
go: finding github.com/go-logfmt/logfmt v0.3.0
go: finding golang.org/x/sys v0.0.0-20181206074257-70b957f3b65e
go: finding github.com/google/gofuzz v0.0.0-20170612174753-24818f796faf
go: finding github.com/viniciuschiele/tarx v0.0.0-20151205142357-6e3da540444d
go: finding github.com/chromedp/cdproto v0.0.0-20180720050708-57cf4773008d
go: finding github.com/modern-go/reflect2 v0.0.0-20180701023420-4b7aa43c6742
go: finding github.com/go-openapi/swag v0.17.0
go: finding github.com/cenkalti/backoff v2.0.0+incompatible
go: finding k8s.io/apimachinery v0.0.0-20180621070125-103fd098999d
go: finding github.com/gorilla/websocket v1.2.0
go: finding github.com/xanzy/go-gitlab v0.0.0-20180814191223-f3bc634ab936
go: finding golang.org/x/sync v0.0.0-20180314180146-1d60e4601c6f
go: finding github.com/stretchr/testify v1.2.2
go: finding github.com/knq/snaker v0.0.0-20180306023312-d9ad1e7f342a
go: finding github.com/Azure/draft v0.15.0
go: finding github.com/gophercloud/gophercloud v0.0.0-20180721014243-9bb899a7c1d9
go: finding gopkg.in/warnings.v0 v0.1.2
go: finding gopkg.in/robfig/cron.v2 v2.0.0-20150107220207-be2e0b0deed5
go: finding golang.org/x/sys v0.0.0-20180905080454-ebe1bf3edb33
go: finding google.golang.org/appengine v1.1.0
go: finding google.golang.org/grpc v1.13.0
go: finding golang.org/x/crypto v0.0.0-20181203042331-505ab145d0a9
go: finding github.com/fatih/color v1.7.0
go: finding github.com/stoewer/go-strcase v1.0.1
go: finding github.com/pborman/uuid v0.0.0-20170612153648-e790cca94e6c
go: finding github.com/gregjones/httpcache v0.0.0-20180305231024-9cad4c3443a7
go: finding golang.org/x/sync v0.0.0-20181108010431-42b317875d0f
go: finding github.com/banzaicloud/bank-vaults v0.0.0-20181129101211-e31657d7c4fe
go: finding github.com/chromedp/cdproto v0.0.0-20180703215205-c125a34ea3b3
go: finding github.com/pkg/errors v0.8.0
go: finding github.com/bwmarrin/snowflake v0.0.0-20180412010544-68117e6bbede
go: finding github.com/beevik/etree v1.0.1
go: finding github.com/spf13/cast v1.2.0
go: finding github.com/shurcooL/graphql v0.0.0-20180514000029-62c9ce094e75
go: finding github.com/hashicorp/golang-lru v0.0.0-20180201235237-0fb14efe8c47
go: finding github.com/evanphx/json-patch v4.1.0+incompatible
go: finding github.com/davecgh/go-spew v1.1.1
go: finding gopkg.in/AlecAivazis/survey.v1 v1.6.2
go: finding github.com/alecthomas/template v0.0.0-20160405071501-a0175ee3bccc
go: finding github.com/go-openapi/jsonreference v0.17.0
go: finding github.com/kr/pty v1.1.2
go: finding github.com/gorilla/sessions v1.1.1
go: finding github.com/inconshreveable/mousetrap v1.0.0
go: finding github.com/Azure/go-autorest v10.14.0+incompatible
go: finding gopkg.in/fsnotify.v1 v1.4.7
go: finding github.com/hashicorp/go-rootcerts v0.0.0-20160503143440-6bb64b370b90
go: finding github.com/julienschmidt/httprouter v1.2.0
go: finding github.com/denormal/go-gitignore v0.0.0-20180713143441-75ce8f3e513c
go: finding github.com/Pallinder/go-randomdata v0.0.0-20180616180521-15df0648130a
go: finding github.com/satori/go.uuid v1.2.0
go: finding github.com/jbenet/go-context v0.0.0-20150711004518-d14ea06fba99
go: finding github.com/wbrefvem/go-bitbucket v0.0.0-20180917214347-1c96061fe622
go: finding sigs.k8s.io/yaml v1.1.0
go: finding github.com/rifflock/lfshook v0.0.0-20180227222202-bf539943797a
go: finding github.com/sergi/go-diff v1.0.0
go: finding github.com/gorilla/mux v1.6.2
go: finding github.com/googleapis/gax-go v2.0.0+incompatible
go: finding github.com/stretchr/objx v0.1.1
go: finding google.golang.org/genproto v0.0.0-20180722052100-02b4e9547331
go: finding github.com/src-d/gcfg v1.3.0
go: finding github.com/go-ini/ini v1.38.1
go: finding github.com/konsorten/go-windows-terminal-sequences v1.0.1
go: finding github.com/golang/protobuf v1.2.0
go: finding golang.org/x/sys v0.0.0-20181116152217-5ac8a444bdc5
go: finding github.com/pelletier/go-toml v1.2.0
go: finding github.com/pmezard/go-difflib v1.0.0
go: finding k8s.io/code-generator v0.0.0-20181017053441-8c97d6ab64da
go: finding github.com/MakeNowJust/heredoc v0.0.0-20171113091838-e9091a26100e
go: finding github.com/hashicorp/go-sockaddr v0.0.0-20180320115054-6d291a969b86
go: finding github.com/prometheus/procfs v0.0.0-20181005140218-185b4288413d
go: finding github.com/shirou/gopsutil v0.0.0-20180901134234-eb1f1ab16f2e
go: finding github.com/onsi/gomega v1.4.1
go: finding github.com/hashicorp/errwrap v1.0.0
go: finding github.com/spf13/pflag v1.0.1
go: finding github.com/kballard/go-shellquote v0.0.0-20180428030007-95032a82bc51
go: finding github.com/gogo/protobuf v1.1.1
go: finding github.com/knative/build v0.0.0-20180906201914-846036c8b91d
go: finding gopkg.in/src-d/go-billy.v4 v4.2.0
go: finding github.com/nlopes/slack v0.0.0-20180721202243-347a74b1ea30
go: finding github.com/magiconair/properties v1.8.0
go: finding github.com/hinshun/vt10x v0.0.0-20180809195222-d55458df857c
go: finding github.com/aws/aws-sdk-go v1.15.50
go: finding github.com/Netflix/go-expect v0.0.0-20180814212900-124a37274874
go: finding github.com/prometheus/client_golang v0.8.0
go: finding golang.org/x/image v0.0.0-20180628062038-cc896f830ced
go: finding github.com/hashicorp/vault v0.11.4
go: finding github.com/petar/GoLLRB v0.0.0-20130427215148-53be0d36a84c
go: finding github.com/googleapis/gnostic v0.2.0
go: finding github.com/ryanuber/go-glob v0.0.0-20170128012129-256dc444b735
go: finding github.com/spf13/jwalterweatherman v0.0.0-20180109140146-7c0cea34c8ec
go: finding golang.org/x/net v0.0.0-20181114220301-adae6a3d119a
go: finding github.com/mitchellh/go-homedir v0.0.0-20180523094522-3864e76763d9
go: finding github.com/mailru/easyjson v0.0.0-20180606163543-3fdea8d05856
go: finding github.com/ghodss/yaml v1.0.0
go: finding github.com/shurcooL/githubv4 v0.0.0-20180509030948-19298c78142b
go: finding github.com/beorn7/perks v0.0.0-20180321164747-3a771d992973
go: finding github.com/gorilla/context v1.1.1
go: finding github.com/docker/spdystream v0.0.0-20170912183627-bc6354cbbc29
go: finding github.com/sirupsen/logrus v1.0.6
go: finding github.com/mailru/easyjson v0.0.0-20180823135443-60711f1a8329
go: finding k8s.io/test-infra v0.0.0-20190107185424-8f27afa1a239
go: finding github.com/PuerkitoBio/urlesc v0.0.0-20170810143723-de5bf2ad4578
go: finding github.com/kevinburke/ssh_config v0.0.0-20180317175531-9fc7bb800b55
go: finding github.com/sethvargo/go-password v0.1.2
go: finding github.com/kubernetes/dashboard v1.10.1
go: finding github.com/jbrukh/bayesian v0.0.0-20161210175230-bf3f261f9a9c
go: finding github.com/knq/sysutil v0.0.0-20180306023629-0218e141a794
go: finding github.com/golang/protobuf v1.1.0
go: finding github.com/hpcloud/tail v1.0.0
go: finding k8s.io/gengo v0.0.0-20180718083919-906d99f89cd6
go: finding github.com/golang/snappy v0.0.0-20180518054509-2e65f85255db
go: finding github.com/go-openapi/jsonpointer v0.17.0
go: finding github.com/prometheus/common v0.0.0-20180518154759-7600349dcfe1
go: finding github.com/modern-go/concurrent v0.0.0-20180306012644-bacd9c7ef1dd
go: finding github.com/dgrijalva/jwt-go v3.2.0+incompatible
go: finding github.com/rodaine/hclencoder v0.0.0-20180926060551-0680c4321930
go: finding github.com/mgutz/ansi v0.0.0-20170206155736-9520e82c474b
go: finding gopkg.in/inf.v0 v0.9.1
go: finding go.opencensus.io v0.14.0
go: finding k8s.io/cli-runtime v0.0.0-20181026155151-1ee5ba10d7e3
go: finding github.com/jenkins-x/chyle v0.0.0-20180226080600-68f7a93a63ec
go: finding github.com/andygrunwald/go-jira v1.5.0
go: finding github.com/andygrunwald/go-gerrit v0.0.0-20181026193842-43cfd7a94eb4
go: finding github.com/json-iterator/go v0.0.0-20180701071628-ab8a2e0c74be
go: finding github.com/Masterminds/semver v1.4.2
go: finding github.com/PuerkitoBio/purell v1.1.0
go: finding github.com/emicklei/go-restful v2.8.0+incompatible
go: finding github.com/mitchellh/mapstructure v0.0.0-20180715050151-f15292f7a699
go: finding github.com/emirpasic/gods v1.9.0
go: finding cloud.google.com/go v0.25.0
go: finding golang.org/x/tools v0.0.0-20180723204246-ded554d0681e
go: finding github.com/jmespath/go-jmespath v0.0.0-20160202185014-0b12d6b521d8
go: finding golang.org/x/image v0.0.0-20180708004352-c73c2afc3b81
go: finding github.com/chai2010/gettext-go v0.0.0-20170215093142-bf70f2a70fb1
go: finding google.golang.org/api v0.0.0-20180724000608-2c45710c7f3f
go: finding k8s.io/api v0.0.0-20180628040859-072894a440bd+incompatible
go: finding github.com/gorilla/securecookie v1.1.1
go: finding k8s.io/kube-openapi v0.0.0-20180719232738-d8ea2fe547a4
go: finding gopkg.in/yaml.v2 v2.2.1
go: finding golang.org/x/text v0.3.0
go: finding golang.org/x/time v0.0.0-20180412165947-fbb02b2291d2
go: finding k8s.io/kubernetes v1.11.3
go: finding github.com/codeship/codeship-go v0.0.0-20180717142545-7793ca823354
go: finding gopkg.in/tomb.v1 v1.0.0-20141024135613-dd632973f1e7
go: finding github.com/operator-framework/operator-sdk v0.0.0-20181011175812-913cbf711929
go: finding github.com/pkg/browser v0.0.0-20170505125900-c90ca0c84f15
go: finding github.com/hashicorp/go-version v0.0.0-20180716215031-270f2f71b1ee
go: finding github.com/peterbourgon/diskv v2.0.1+incompatible
go: finding github.com/go-kit/kit v0.8.0
go: finding github.com/shurcooL/go v0.0.0-20180423040247-9e1955d9fb6e
go: finding github.com/c2h5oh/datasize v0.0.0-20171227191756-4eba002a5eae
go: finding github.com/BurntSushi/toml v0.3.0
go: finding github.com/pierrec/lz4 v2.0.5+incompatible
go: finding github.com/Jeffail/gabs v1.1.0
go: finding github.com/kr/logfmt v0.0.0-20140226030751-b84e30acd515
go: finding gopkg.in/check.v1 v0.0.0-20161208181325-20d25e280405
go: finding github.com/bouk/monkey v1.0.0
go: finding github.com/StackExchange/wmi v0.0.0-20180116203802-5d049714c4a6
go: finding github.com/go-ini/ini v1.25.4
go: finding github.com/prometheus/client_golang v0.9.1
go: finding github.com/google/btree v0.0.0-20180124185431-e89373fe6b4a
go: finding github.com/IBM-Cloud/bluemix-go v0.0.0-20181008063305-d718d474c7c2
go: finding github.com/fsnotify/fsnotify v1.4.7
go: finding github.com/trivago/tgo v1.0.1
go: finding github.com/shirou/w32 v0.0.0-20160930032740-bb4de0191aa4
go: downloading github.com/jstrachan/goa v0.0.0-20181221093540-6ea84ceb7d2e
go: downloading k8s.io/apiextensions-apiserver v0.0.0-20180621085152-bbc52469f98b
go: downloading k8s.io/api v0.0.0-20180628040859-072894a440bd+incompatible
go: downloading k8s.io/apimachinery v0.0.0-20180621070125-103fd098999d
go: downloading k8s.io/client-go v8.0.0+incompatible
go: downloading github.com/jenkins-x/jx v1.3.699
go: downloading github.com/satori/go.uuid v1.2.0
go: downloading github.com/heptio/sonobuoy v0.12.0
go: downloading github.com/zach-klippenstein/goregen v0.0.0-20160303162051-795b5e3961ea
go: downloading golang.org/x/net v0.0.0-20190107210223-45ffb0cd1ba0
go: downloading github.com/prometheus/common v0.0.0-20190107103113-2998b132700a
go: downloading github.com/beevik/etree v1.0.1
go: downloading github.com/hashicorp/golang-lru v0.5.0
go: downloading github.com/gregjones/httpcache v0.0.0-20180305231024-9cad4c3443a7
go: downloading golang.org/x/oauth2 v0.0.0-20180620175406-ef147856a6dd
go: downloading github.com/pkg/errors v0.8.1
go: downloading gopkg.in/AlecAivazis/survey.v1 v1.7.1
go: downloading github.com/denormal/go-gitignore v0.0.0-20180713143441-75ce8f3e513c
go: downloading gopkg.in/src-d/go-git.v4 v4.5.0
go: downloading github.com/golang/glog v0.0.0-20160126235308-23def4e6c14b
go: downloading golang.org/x/sync v0.0.0-20181108010431-42b317875d0f
go: downloading github.com/shirou/gopsutil v0.0.0-20180901134234-eb1f1ab16f2e
go: downloading k8s.io/test-infra v0.0.0-20190107185424-8f27afa1a239
go: downloading github.com/google/gofuzz v0.0.0-20170612174753-24818f796faf
go: downloading github.com/IBM-Cloud/bluemix-go v0.0.0-20181008063305-d718d474c7c2
go: downloading github.com/kubernetes/dashboard v1.10.1
go: downloading github.com/aws/aws-sdk-go v1.15.50
go: downloading golang.org/x/sys v0.0.0-20181206074257-70b957f3b65e
go: downloading github.com/davecgh/go-spew v1.1.1
go: downloading github.com/onsi/ginkgo v1.6.0
go: downloading github.com/knative/build v0.0.0-20180906201914-846036c8b91d
go: downloading github.com/xanzy/go-gitlab v0.0.0-20180814191223-f3bc634ab936
go: downloading github.com/chromedp/chromedp v0.1.1
go: downloading github.com/pkg/browser v0.0.0-20170505125900-c90ca0c84f15
go: downloading github.com/fatih/color v1.7.0
go: downloading github.com/nlopes/slack v0.4.0
go: downloading gopkg.in/alecthomas/kingpin.v2 v2.2.6
go: downloading github.com/chromedp/cdproto v0.0.0-20180720050708-57cf4773008d
go: downloading github.com/alexflint/go-filemutex v0.0.0-20171028004239-d358565f3c3f
go: downloading github.com/spf13/cobra v0.0.3
go: downloading github.com/mitchellh/mapstructure v0.0.0-20180715050151-f15292f7a699
go: downloading github.com/codeship/codeship-go v0.0.0-20180717142545-7793ca823354
go: downloading github.com/banzaicloud/bank-vaults v0.0.0-20181129101211-e31657d7c4fe
go: downloading github.com/gfleury/go-bitbucket-v1 v0.0.0-20181102191809-4910839b609e
go: downloading github.com/gogo/protobuf v1.1.1
go: downloading github.com/Azure/draft v0.15.0
go: downloading github.com/jenkins-x/chyle v0.0.0-20180226080600-68f7a93a63ec
go: downloading github.com/jbrukh/bayesian v0.0.0-20161210175230-bf3f261f9a9c
go: downloading github.com/hpcloud/tail v1.0.0
go: downloading github.com/gorilla/websocket v1.2.0
go: downloading github.com/jenkins-x/golang-jenkins v0.0.0-20180919102630-65b83ad42314
go: downloading github.com/ghodss/yaml v1.0.0
go: downloading gopkg.in/yaml.v2 v2.2.1
go: downloading k8s.io/metrics v0.0.0-20180620010437-b11cf31b380b
go: downloading github.com/Jeffail/gabs v1.1.0
go: downloading github.com/blang/semver v3.5.1+incompatible
go: downloading github.com/sirupsen/logrus v1.2.0
go: downloading github.com/google/go-querystring v0.0.0-20170111101155-53e6ce116135
go: downloading github.com/mattn/go-colorable v0.0.9
go: downloading github.com/sergi/go-diff v1.0.0
go: downloading github.com/mailru/easyjson v0.0.0-20180823135443-60711f1a8329
go: downloading gopkg.in/src-d/go-billy.v4 v4.2.0
go: downloading gopkg.in/tomb.v1 v1.0.0-20141024135613-dd632973f1e7
go: downloading github.com/cenkalti/backoff v2.0.0+incompatible
go: downloading github.com/emirpasic/gods v1.9.0
go: downloading github.com/hashicorp/go-version v0.0.0-20180716215031-270f2f71b1ee
go: downloading github.com/wbrefvem/go-bitbucket v0.0.0-20180917214347-1c96061fe622
go: downloading github.com/golang/protobuf v1.2.0
go: finding github.com/cloudbees/core-backend/pkg/swagger latest
go: downloading github.com/russross/blackfriday v1.5.1
go: downloading github.com/hashicorp/vault v0.11.4
go: downloading github.com/stoewer/go-strcase v1.0.1
go: downloading github.com/armon/go-metrics v0.0.0-20180917152333-f0300d1749da
go: downloading github.com/alecthomas/units v0.0.0-20151022065526-2efee857e7cf
go: downloading github.com/manveru/faker v0.0.0-20171103152722-9fbc68a78c4d
go: downloading github.com/imdario/mergo v0.3.5
go: downloading github.com/dimfeld/httptreemux v5.0.1+incompatible
go: downloading github.com/dimfeld/httppath v0.0.0-20170720192232-ee938bf73598
go: downloading golang.org/x/crypto v0.0.0-20181203042331-505ab145d0a9
go: downloading github.com/mgutz/ansi v0.0.0-20170206155736-9520e82c474b
go: downloading github.com/Azure/go-autorest v10.14.0+incompatible
go: downloading github.com/c2h5oh/datasize v0.0.0-20171227191756-4eba002a5eae
go: downloading github.com/pborman/uuid v0.0.0-20170612153648-e790cca94e6c
go: downloading github.com/spf13/viper v1.0.2
go: downloading k8s.io/helm v2.7.2+incompatible
go: downloading gopkg.in/robfig/cron.v2 v2.0.0-20150107220207-be2e0b0deed5
go: downloading k8s.io/kube-openapi v0.0.0-20180719232738-d8ea2fe547a4
go: downloading github.com/viniciuschiele/tarx v0.0.0-20151205142357-6e3da540444d
go: downloading github.com/json-iterator/go v0.0.0-20180701071628-ab8a2e0c74be
go: downloading github.com/googleapis/gnostic v0.2.0
go: downloading github.com/jmespath/go-jmespath v0.0.0-20160202185014-0b12d6b521d8
go: downloading github.com/knq/sysutil v0.0.0-20180306023629-0218e141a794
go: downloading github.com/danwakefield/fnmatch v0.0.0-20160403171240-cbb64ac3d964
go: downloading github.com/andygrunwald/go-gerrit v0.0.0-20181026193842-43cfd7a94eb4
go: downloading github.com/hashicorp/go-immutable-radix v1.0.0
go: downloading github.com/MakeNowJust/heredoc v0.0.0-20171113091838-e9091a26100e
go: downloading github.com/sethvargo/go-password v0.1.2
go: downloading github.com/hashicorp/hcl v0.0.0-20180404174102-ef8a98b0bbce
go: downloading github.com/gophercloud/gophercloud v0.0.0-20180721014243-9bb899a7c1d9
go: downloading github.com/alecthomas/template v0.0.0-20160405071501-a0175ee3bccc
go: downloading github.com/google/go-github v17.0.0+incompatible
go: downloading github.com/peterbourgon/diskv v2.0.1+incompatible
go: downloading github.com/jenkins-x/draft-repo v0.0.0-20180417100212-2f66cc518135
go: downloading github.com/bwmarrin/snowflake v0.0.0-20180412010544-68117e6bbede
go: downloading github.com/modern-go/concurrent v0.0.0-20180306012644-bacd9c7ef1dd
go: downloading github.com/prometheus/client_golang v0.9.1
go: downloading github.com/emicklei/go-restful v2.8.0+incompatible
go: downloading github.com/rifflock/lfshook v0.0.0-20180227222202-bf539943797a
go: downloading github.com/prometheus/client_model v0.0.0-20180712105110-5c3871d89910
go: downloading github.com/spf13/cast v1.2.0
go: downloading gopkg.in/inf.v0 v0.9.1
go: downloading code.gitea.io/sdk v0.0.0-20180702024448-79a281c4e34a
go: downloading github.com/go-ini/ini v1.38.1
go: downloading github.com/spf13/jwalterweatherman v0.0.0-20180109140146-7c0cea34c8ec
go: downloading github.com/andygrunwald/go-jira v1.5.0
go: downloading github.com/disintegration/imaging v1.4.2
go: downloading github.com/fatih/structs v1.0.0
go: downloading github.com/shurcooL/githubv4 v0.0.0-20180509030948-19298c78142b
go: downloading github.com/gorilla/sessions v1.1.1
go: downloading github.com/pelletier/go-toml v1.2.0
go: downloading github.com/spf13/afero v1.1.1
go: downloading github.com/gorilla/securecookie v1.1.1
go: downloading github.com/stretchr/testify v1.2.2
go: downloading github.com/beorn7/perks v0.0.0-20180321164747-3a771d992973
go: downloading github.com/kballard/go-shellquote v0.0.0-20180428030007-95032a82bc51
go: downloading golang.org/x/text v0.3.0
go: downloading github.com/mattn/go-isatty v0.0.3
go: downloading github.com/modern-go/reflect2 v0.0.0-20180701023420-4b7aa43c6742
go: downloading github.com/rodaine/hclencoder v0.0.0-20180926060551-0680c4321930
go: downloading github.com/gorilla/mux v1.6.2
go: downloading github.com/docker/spdystream v0.0.0-20170912183627-bc6354cbbc29
go: downloading github.com/pmezard/go-difflib v1.0.0
go: finding github.com/cloudbees/core-backend/pkg/schema latest
go: downloading golang.org/x/image v0.0.0-20180708004352-c73c2afc3b81
go: downloading github.com/jbenet/go-context v0.0.0-20150711004518-d14ea06fba99
go: downloading gopkg.in/fsnotify.v1 v1.4.7
go: downloading github.com/trivago/tgo v1.0.1
go: downloading github.com/prometheus/procfs v0.0.0-20181005140218-185b4288413d
go: downloading github.com/gobwas/glob v0.2.3
go: downloading cloud.google.com/go v0.25.0
go: downloading github.com/magiconair/properties v1.8.0
go: downloading github.com/matttproud/golang_protobuf_extensions v1.0.1
go: downloading github.com/spf13/pflag v1.0.1
go: downloading github.com/google/btree v0.0.0-20180124185431-e89373fe6b4a
go: downloading github.com/fsnotify/fsnotify v1.4.7
go: downloading github.com/dgrijalva/jwt-go v3.2.0+incompatible
go: downloading google.golang.org/api v0.0.0-20180724000608-2c45710c7f3f
go: downloading github.com/BurntSushi/toml v0.3.0
go: downloading google.golang.org/genproto v0.0.0-20180722052100-02b4e9547331
go: downloading k8s.io/heapster v1.5.4
go: downloading github.com/googleapis/gax-go v2.0.0+incompatible
go: downloading sigs.k8s.io/yaml v1.1.0
go: downloading github.com/kevinburke/ssh_config v0.0.0-20180317175531-9fc7bb800b55
go: downloading github.com/mitchellh/go-homedir v0.0.0-20180523094522-3864e76763d9
go: downloading golang.org/x/time v0.0.0-20180412165947-fbb02b2291d2
go: downloading google.golang.org/grpc v1.13.0
go: downloading github.com/pelletier/go-buffruneio v0.2.0
go: downloading github.com/Pallinder/go-randomdata v0.0.0-20180616180521-15df0648130a
go: downloading github.com/cpuguy83/go-md2man v1.0.8
go: downloading github.com/hashicorp/errwrap v1.0.0
go: downloading github.com/hashicorp/go-multierror v1.0.0
go: downloading github.com/xanzy/ssh-agent v0.2.0
go: downloading github.com/hashicorp/go-rootcerts v0.0.0-20160503143440-6bb64b370b90
go: downloading github.com/hashicorp/go-cleanhttp v0.5.0
go: downloading go.opencensus.io v0.14.0
go: downloading github.com/hashicorp/go-sockaddr v0.0.0-20180320115054-6d291a969b86
go: downloading github.com/hashicorp/go-retryablehttp v0.0.0-20180718195005-e651d75abec6
go: downloading gopkg.in/square/go-jose.v2 v2.2.2
go: downloading github.com/src-d/gcfg v1.3.0
go: downloading gopkg.in/warnings.v0 v0.1.2
go: downloading github.com/pierrec/lz4 v2.0.5+incompatible
go: downloading github.com/golang/snappy v0.0.0-20180518054509-2e65f85255db
go: downloading github.com/ryanuber/go-glob v0.0.0-20170128012129-256dc444b735
go: downloading github.com/Masterminds/semver v1.4.2
go: downloading github.com/shurcooL/graphql v0.0.0-20180514000029-62c9ce094e75
go: downloading github.com/operator-framework/operator-sdk v0.0.0-20181011175812-913cbf711929
go: downloading github.com/shurcooL/go v0.0.0-20180423040247-9e1955d9fb6e
go: downloading github.com/gorilla/context v1.1.1
go: finding github.com/cloudbees/core-backend/pkg latest
go: finding github.com/goadesign/goa v1.4.0
echo "Go version: 1.11.4"
Go version: 1.11.4
GO111MODULE=off go get -u github.com/goadesign/goa/goagen
GO111MODULE=off go get -u github.com/jteeuwen/go-bindata/go-bindata
goagen app -d github.com/cloudbees/core-backend/pkg/design -o pkg/controller
pkg/controller/app
pkg/controller/app/contexts.go
pkg/controller/app/controllers.go
pkg/controller/app/security.go
pkg/controller/app/hrefs.go
pkg/controller/app/media_types.go
pkg/controller/app/user_types.go
pkg/controller/app/test
pkg/controller/app/test/activity_testing.go
pkg/controller/app/test/environment_apps_testing.go
pkg/controller/app/test/info_testing.go
pkg/controller/app/test/kubeproxy_testing.go
pkg/controller/app/test/kubeql_testing.go
pkg/controller/app/test/pipelines_testing.go
pkg/controller/app/test/static_content_testing.go
pkg/controller/app/test/swagger_testing.go
pkg/controller/app/test/tag_testing.go
pkg/controller/app/test/team_testing.go
pkg/controller/app/test/user_testing.go
goagen controller -d github.com/cloudbees/core-backend/pkg/design -o pkg/controller/ --pkg controller --app-pkg app

goagen swagger -d github.com/cloudbees/core-backend/pkg/design -o pkg
pkg/swagger
pkg/swagger/swagger.json
pkg/swagger/swagger.yaml
goagen schema -d github.com/cloudbees/core-backend/pkg/design -o pkg
pkg/schema
pkg/schema/schema.json
go-bindata \
	-o pkg/schema/bindata.go \
	-pkg schema \
	-prefix '' \
	-nocompress \
	pkg/schema
go-bindata \
	-o pkg/swagger/bindata.go \
	-pkg swagger \
	-prefix '' \
	-nocompress \
	pkg/swagger
CGO_ENABLED=0 GO111MODULE=on GO15VENDOREXPERIMENT=1 go build -ldflags " -X github.com/cloudbees/core-backend/pkg/version.Version=1.0.1 -X github.com/cloudbees/core-backend/pkg/version.Revision=96ef301 -X github.com/cloudbees/core-backend/pkg/version.Sha1=96ef30117fb93f0c4cbbfea302d61fd9e667d006 -X github.com/cloudbees/core-backend/pkg/version.Branch='master' -X github.com/cloudbees/core-backend/pkg/version.BuildDate='20190117-09:30:24' -X github.com/cloudbees/core-backend/pkg/version.GoVersion='1.11.4'" -o build/core cmd/core/core.go
DISABLE_SSO=true CGO_ENABLED=0 GO111MODULE=on GO15VENDOREXPERIMENT=1 go test github.com/cloudbees/core-backend/cmd/core github.com/cloudbees/core-backend/cmd/core/app github.com/cloudbees/core-backend/pkg/apis/cloudbees.com github.com/cloudbees/core-backend/pkg/apis/cloudbees.com/v1 github.com/cloudbees/core-backend/pkg/apps github.com/cloudbees/core-backend/pkg/caching github.com/cloudbees/core-backend/pkg/client/clientset/versioned github.com/cloudbees/core-backend/pkg/client/clientset/versioned/fake github.com/cloudbees/core-backend/pkg/client/clientset/versioned/scheme github.com/cloudbees/core-backend/pkg/client/clientset/versioned/typed/cloudbees.com/v1 github.com/cloudbees/core-backend/pkg/client/clientset/versioned/typed/cloudbees.com/v1/fake github.com/cloudbees/core-backend/pkg/client/informers/externalversions github.com/cloudbees/core-backend/pkg/client/informers/externalversions/cloudbees.com github.com/cloudbees/core-backend/pkg/client/informers/externalversions/cloudbees.com/v1 github.com/cloudbees/core-backend/pkg/client/informers/externalversions/internalinterfaces github.com/cloudbees/core-backend/pkg/client/listers/cloudbees.com/v1 github.com/cloudbees/core-backend/pkg/common github.com/cloudbees/core-backend/pkg/controller github.com/cloudbees/core-backend/pkg/controller/app github.com/cloudbees/core-backend/pkg/controller/app/test github.com/cloudbees/core-backend/pkg/core/cmd github.com/cloudbees/core-backend/pkg/design github.com/cloudbees/core-backend/pkg/jwt github.com/cloudbees/core-backend/pkg/kube github.com/cloudbees/core-backend/pkg/kubeql github.com/cloudbees/core-backend/pkg/log github.com/cloudbees/core-backend/pkg/nodes github.com/cloudbees/core-backend/pkg/version -test.v
go: downloading github.com/petergtz/pegomock v0.0.0-20181206220228-b113d17a7e81
go: downloading github.com/onsi/gomega v1.4.1
?   	github.com/cloudbees/core-backend/cmd/core	[no test files]
?   	github.com/cloudbees/core-backend/cmd/core/app	[no test files]
?   	github.com/cloudbees/core-backend/pkg/apis/cloudbees.com	[no test files]
?   	github.com/cloudbees/core-backend/pkg/apis/cloudbees.com/v1	[no test files]
time="2019-01-17T09:34:26Z" level=info msg="Pipeline cache enabled: true" source="activity.go:19"
=== RUN   TestCreateEnvironmentRef
--- PASS: TestCreateEnvironmentRef (0.00s)
=== RUN   TestBuildActivePipelineInfo
--- PASS: TestBuildActivePipelineInfo (0.00s)
=== RUN   TestGetGitOwnerAndAppName
--- PASS: TestGetGitOwnerAndAppName (0.00s)
=== RUN   TestDefaultActivePipelines
--- PASS: TestDefaultActivePipelines (0.00s)
=== RUN   TestPipelinesCacheInitialized
--- PASS: TestPipelinesCacheInitialized (0.00s)
PASS
ok  	github.com/cloudbees/core-backend/pkg/apps	0.836s
?   	github.com/cloudbees/core-backend/pkg/caching	[no test files]
?   	github.com/cloudbees/core-backend/pkg/client/clientset/versioned	[no test files]
?   	github.com/cloudbees/core-backend/pkg/client/clientset/versioned/fake	[no test files]
?   	github.com/cloudbees/core-backend/pkg/client/clientset/versioned/scheme	[no test files]
?   	github.com/cloudbees/core-backend/pkg/client/clientset/versioned/typed/cloudbees.com/v1	[no test files]
?   	github.com/cloudbees/core-backend/pkg/client/clientset/versioned/typed/cloudbees.com/v1/fake	[no test files]
?   	github.com/cloudbees/core-backend/pkg/client/informers/externalversions	[no test files]
?   	github.com/cloudbees/core-backend/pkg/client/informers/externalversions/cloudbees.com	[no test files]
?   	github.com/cloudbees/core-backend/pkg/client/informers/externalversions/cloudbees.com/v1	[no test files]
?   	github.com/cloudbees/core-backend/pkg/client/informers/externalversions/internalinterfaces	[no test files]
?   	github.com/cloudbees/core-backend/pkg/client/listers/cloudbees.com/v1	[no test files]
?   	github.com/cloudbees/core-backend/pkg/common	[no test files]
time="2019-01-17T09:34:33Z" level=info msg="Pipeline cache enabled: true" source="activity.go:19"
=== RUN   TestKubePaths
--- PASS: TestKubePaths (0.00s)
=== RUN   TestFormatPathWithQueryString
--- PASS: TestFormatPathWithQueryString (0.00s)
=== RUN   TestCreateUser
=== PAUSE TestCreateUser
=== RUN   TestKubeProxy
--- PASS: TestKubeProxy (0.00s)
=== RUN   TestTag
--- PASS: TestTag (0.00s)
=== CONT  TestCreateUser
=== RUN   TestCreateUser/create_user
=== RUN   TestCreateUser/update_user
=== RUN   TestCreateUser/update_user_with_service_account_and_role_binding
=== RUN   TestCreateUser/update_user_with_role_binding
--- PASS: TestCreateUser (0.00s)
    --- PASS: TestCreateUser/create_user (0.00s)
    --- PASS: TestCreateUser/update_user (0.00s)
    --- PASS: TestCreateUser/update_user_with_service_account_and_role_binding (0.00s)
    --- PASS: TestCreateUser/update_user_with_role_binding (0.00s)
PASS
ok  	github.com/cloudbees/core-backend/pkg/controller	0.427s
?   	github.com/cloudbees/core-backend/pkg/controller/app	[no test files]
?   	github.com/cloudbees/core-backend/pkg/controller/app/test	[no test files]
?   	github.com/cloudbees/core-backend/pkg/core/cmd	[no test files]
?   	github.com/cloudbees/core-backend/pkg/design	[no test files]
=== RUN   TestParseTokenFromRequest
--- PASS: TestParseTokenFromRequest (0.00s)
=== RUN   TestExtractIssuerURL
--- PASS: TestExtractIssuerURL (0.00s)
=== RUN   TestRetrieveUserinfo
--- PASS: TestRetrieveUserinfo (0.00s)
PASS
ok  	github.com/cloudbees/core-backend/pkg/jwt	0.110s
?   	github.com/cloudbees/core-backend/pkg/kube	[no test files]
=== RUN   TestKubeQLQueryMultipleResources
--- PASS: TestKubeQLQueryMultipleResources (0.00s)
=== RUN   TestKubeQLQueryMultipleResourcesWithDefaultNamespace
--- PASS: TestKubeQLQueryMultipleResourcesWithDefaultNamespace (0.00s)
=== RUN   TestKubeQLSingleResource
--- PASS: TestKubeQLSingleResource (0.00s)
PASS
ok  	github.com/cloudbees/core-backend/pkg/kubeql	0.359s
?   	github.com/cloudbees/core-backend/pkg/log	[no test files]
?   	github.com/cloudbees/core-backend/pkg/nodes	[no test files]
?   	github.com/cloudbees/core-backend/pkg/version	[no test files]
[Pipeline] sh
+ make test
DISABLE_SSO=true CGO_ENABLED=0 GO111MODULE=on GO15VENDOREXPERIMENT=1 go test github.com/cloudbees/core-backend/cmd/core github.com/cloudbees/core-backend/cmd/core/app github.com/cloudbees/core-backend/pkg/apis/cloudbees.com github.com/cloudbees/core-backend/pkg/apis/cloudbees.com/v1 github.com/cloudbees/core-backend/pkg/apps github.com/cloudbees/core-backend/pkg/caching github.com/cloudbees/core-backend/pkg/client/clientset/versioned github.com/cloudbees/core-backend/pkg/client/clientset/versioned/fake github.com/cloudbees/core-backend/pkg/client/clientset/versioned/scheme github.com/cloudbees/core-backend/pkg/client/clientset/versioned/typed/cloudbees.com/v1 github.com/cloudbees/core-backend/pkg/client/clientset/versioned/typed/cloudbees.com/v1/fake github.com/cloudbees/core-backend/pkg/client/informers/externalversions github.com/cloudbees/core-backend/pkg/client/informers/externalversions/cloudbees.com github.com/cloudbees/core-backend/pkg/client/informers/externalversions/cloudbees.com/v1 github.com/cloudbees/core-backend/pkg/client/informers/externalversions/internalinterfaces github.com/cloudbees/core-backend/pkg/client/listers/cloudbees.com/v1 github.com/cloudbees/core-backend/pkg/common github.com/cloudbees/core-backend/pkg/controller github.com/cloudbees/core-backend/pkg/controller/app github.com/cloudbees/core-backend/pkg/controller/app/test github.com/cloudbees/core-backend/pkg/core/cmd github.com/cloudbees/core-backend/pkg/design github.com/cloudbees/core-backend/pkg/jwt github.com/cloudbees/core-backend/pkg/kube github.com/cloudbees/core-backend/pkg/kubeql github.com/cloudbees/core-backend/pkg/log github.com/cloudbees/core-backend/pkg/nodes github.com/cloudbees/core-backend/pkg/schema github.com/cloudbees/core-backend/pkg/swagger github.com/cloudbees/core-backend/pkg/version -test.v
?   	github.com/cloudbees/core-backend/cmd/core	[no test files]
?   	github.com/cloudbees/core-backend/cmd/core/app	[no test files]
?   	github.com/cloudbees/core-backend/pkg/apis/cloudbees.com	[no test files]
?   	github.com/cloudbees/core-backend/pkg/apis/cloudbees.com/v1	[no test files]
time="2019-01-17T09:34:26Z" level=info msg="Pipeline cache enabled: true" source="activity.go:19"
=== RUN   TestCreateEnvironmentRef
--- PASS: TestCreateEnvironmentRef (0.00s)
=== RUN   TestBuildActivePipelineInfo
--- PASS: TestBuildActivePipelineInfo (0.00s)
=== RUN   TestGetGitOwnerAndAppName
--- PASS: TestGetGitOwnerAndAppName (0.00s)
=== RUN   TestDefaultActivePipelines
--- PASS: TestDefaultActivePipelines (0.00s)
=== RUN   TestPipelinesCacheInitialized
--- PASS: TestPipelinesCacheInitialized (0.00s)
PASS
ok  	github.com/cloudbees/core-backend/pkg/apps	(cached)
?   	github.com/cloudbees/core-backend/pkg/caching	[no test files]
?   	github.com/cloudbees/core-backend/pkg/client/clientset/versioned	[no test files]
?   	github.com/cloudbees/core-backend/pkg/client/clientset/versioned/fake	[no test files]
?   	github.com/cloudbees/core-backend/pkg/client/clientset/versioned/scheme	[no test files]
?   	github.com/cloudbees/core-backend/pkg/client/clientset/versioned/typed/cloudbees.com/v1	[no test files]
?   	github.com/cloudbees/core-backend/pkg/client/clientset/versioned/typed/cloudbees.com/v1/fake	[no test files]
?   	github.com/cloudbees/core-backend/pkg/client/informers/externalversions	[no test files]
?   	github.com/cloudbees/core-backend/pkg/client/informers/externalversions/cloudbees.com	[no test files]
?   	github.com/cloudbees/core-backend/pkg/client/informers/externalversions/cloudbees.com/v1	[no test files]
?   	github.com/cloudbees/core-backend/pkg/client/informers/externalversions/internalinterfaces	[no test files]
?   	github.com/cloudbees/core-backend/pkg/client/listers/cloudbees.com/v1	[no test files]
?   	github.com/cloudbees/core-backend/pkg/common	[no test files]
time="2019-01-17T09:34:33Z" level=info msg="Pipeline cache enabled: true" source="activity.go:19"
=== RUN   TestKubePaths
--- PASS: TestKubePaths (0.00s)
=== RUN   TestFormatPathWithQueryString
--- PASS: TestFormatPathWithQueryString (0.00s)
=== RUN   TestCreateUser
=== PAUSE TestCreateUser
=== RUN   TestKubeProxy
--- PASS: TestKubeProxy (0.00s)
=== RUN   TestTag
--- PASS: TestTag (0.00s)
=== CONT  TestCreateUser
=== RUN   TestCreateUser/create_user
=== RUN   TestCreateUser/update_user
=== RUN   TestCreateUser/update_user_with_service_account_and_role_binding
=== RUN   TestCreateUser/update_user_with_role_binding
--- PASS: TestCreateUser (0.00s)
    --- PASS: TestCreateUser/create_user (0.00s)
    --- PASS: TestCreateUser/update_user (0.00s)
    --- PASS: TestCreateUser/update_user_with_service_account_and_role_binding (0.00s)
    --- PASS: TestCreateUser/update_user_with_role_binding (0.00s)
PASS
ok  	github.com/cloudbees/core-backend/pkg/controller	(cached)
?   	github.com/cloudbees/core-backend/pkg/controller/app	[no test files]
?   	github.com/cloudbees/core-backend/pkg/controller/app/test	[no test files]
?   	github.com/cloudbees/core-backend/pkg/core/cmd	[no test files]
?   	github.com/cloudbees/core-backend/pkg/design	[no test files]
=== RUN   TestParseTokenFromRequest
--- PASS: TestParseTokenFromRequest (0.00s)
=== RUN   TestExtractIssuerURL
--- PASS: TestExtractIssuerURL (0.00s)
=== RUN   TestRetrieveUserinfo
--- PASS: TestRetrieveUserinfo (0.00s)
PASS
ok  	github.com/cloudbees/core-backend/pkg/jwt	(cached)
?   	github.com/cloudbees/core-backend/pkg/kube	[no test files]
=== RUN   TestKubeQLQueryMultipleResources
--- PASS: TestKubeQLQueryMultipleResources (0.00s)
=== RUN   TestKubeQLQueryMultipleResourcesWithDefaultNamespace
--- PASS: TestKubeQLQueryMultipleResourcesWithDefaultNamespace (0.00s)
=== RUN   TestKubeQLSingleResource
--- PASS: TestKubeQLSingleResource (0.00s)
PASS
ok  	github.com/cloudbees/core-backend/pkg/kubeql	(cached)
?   	github.com/cloudbees/core-backend/pkg/log	[no test files]
?   	github.com/cloudbees/core-backend/pkg/nodes	[no test files]
?   	github.com/cloudbees/core-backend/pkg/schema	[no test files]
?   	github.com/cloudbees/core-backend/pkg/swagger	[no test files]
?   	github.com/cloudbees/core-backend/pkg/version	[no test files]
[Pipeline] dir
Running in /home/jenkins/go/src/github.com/cloudbees/core-backend/charts/preview
[Pipeline] {
[Pipeline] retry
[Pipeline] {
[Pipeline] sh
+ make preview
helm init --client-only
Creating /builder/home/.helm 
Creating /builder/home/.helm/repository 
Creating /builder/home/.helm/repository/cache 
Creating /builder/home/.helm/repository/local 
Creating /builder/home/.helm/plugins 
Creating /builder/home/.helm/starters 
Creating /builder/home/.helm/cache/archive 
Creating /builder/home/.helm/repository/repositories.yaml 
Adding stable repo with URL: https://kubernetes-charts.storage.googleapis.com 
Adding local repo with URL: http://127.0.0.1:8879/charts 
$HELM_HOME has been configured at /builder/home/.helm.
Not installing Tiller due to 'client-only' flag having been set
Happy Helming!
helm repo add chartmuseum http://chartmuseum.build.cd.jenkins-x.io
"chartmuseum" has been added to your repositories
sed -i -e "s/version:.*/version: 0.1.0-SNAPSHOT-PR-167-6/" Chart.yaml
sed -i -e "s/version:.*/version: 0.1.0-SNAPSHOT-PR-167-6/" ../*/Chart.yaml
sed -i -e "s/repository: .*/repository: docker.io\/jenkinsxio\/core-backend/" values.yaml
sed -i -e "s/tag: .*/tag: 0.1.0-SNAPSHOT-PR-167-6/" values.yaml
sed -i -e "s/repository: .*/repository: docker.io\/jenkinsxio\/core-backend/" values.yaml
helm dependency build
Hang tight while we grab the latest from your chart repositories...
...Unable to get an update from the "local" chart repository (http://127.0.0.1:8879/charts):
	Get http://127.0.0.1:8879/charts/index.yaml: dial tcp 127.0.0.1:8879: connect: connection refused
...Successfully got an update from the "stable" chart repository
...Successfully got an update from the "chartmuseum" chart repository
Update Complete. Happy Helming!
Saving 2 charts
Downloading exposecontroller from repo http://chartmuseum.build.cd.jenkins-x.io
Downloading exposecontroller from repo http://chartmuseum.build.cd.jenkins-x.io
Deleting outdated charts
helm lint
==> Linting .
Lint OK

1 chart(s) linted, no failures
gcloud auth activate-service-account --key-file ****
Activated service account credentials for: [jx-212@jenkinsx-dev.iam.gserviceaccount.com]
gcloud container clusters get-credentials yakmarsh-rverduci --zone europe-west1-b --project core-dev-1
Fetching cluster endpoint and auth data.
ERROR: (gcloud.container.clusters.get-credentials) ResponseError: code=403, message=Required "container.clusters.get" permission(s) for "projects/core-dev-1/zones/europe-west1-b/clusters/yakmarsh-rverduci". See https://cloud.google.com/kubernetes-engine/docs/troubleshooting#gke_service_account_deleted for more info.
Makefile:4: recipe for target 'preview' failed
make: *** [preview] Error 1
[Pipeline] }
ERROR: script returned exit code 2
Retrying
[Pipeline] {
[Pipeline] sh
+ make preview
helm init --client-only
$HELM_HOME has been configured at /builder/home/.helm.
Not installing Tiller due to 'client-only' flag having been set
Happy Helming!
helm repo add chartmuseum http://chartmuseum.build.cd.jenkins-x.io
"chartmuseum" has been added to your repositories
sed -i -e "s/version:.*/version: 0.1.0-SNAPSHOT-PR-167-6/" Chart.yaml
sed -i -e "s/version:.*/version: 0.1.0-SNAPSHOT-PR-167-6/" ../*/Chart.yaml
sed -i -e "s/repository: .*/repository: docker.io\/jenkinsxio\/core-backend/" values.yaml
sed -i -e "s/tag: .*/tag: 0.1.0-SNAPSHOT-PR-167-6/" values.yaml
sed -i -e "s/repository: .*/repository: docker.io\/jenkinsxio\/core-backend/" values.yaml
helm dependency build
Hang tight while we grab the latest from your chart repositories...
...Unable to get an update from the "local" chart repository (http://127.0.0.1:8879/charts):
	Get http://127.0.0.1:8879/charts/index.yaml: dial tcp 127.0.0.1:8879: connect: connection refused
...Successfully got an update from the "stable" chart repository
...Successfully got an update from the "chartmuseum" chart repository
Update Complete. Happy Helming!
Saving 2 charts
Downloading exposecontroller from repo http://chartmuseum.build.cd.jenkins-x.io
Downloading exposecontroller from repo http://chartmuseum.build.cd.jenkins-x.io
Deleting outdated charts
helm lint
==> Linting .
Lint OK

1 chart(s) linted, no failures
gcloud auth activate-service-account --key-file ****
Activated service account credentials for: [jx-212@jenkinsx-dev.iam.gserviceaccount.com]
gcloud container clusters get-credentials yakmarsh-rverduci --zone europe-west1-b --project core-dev-1
Fetching cluster endpoint and auth data.
ERROR: (gcloud.container.clusters.get-credentials) ResponseError: code=403, message=Required "container.clusters.get" permission(s) for "projects/core-dev-1/zones/europe-west1-b/clusters/yakmarsh-rverduci". See https://cloud.google.com/kubernetes-engine/docs/troubleshooting#gke_service_account_deleted for more info.
Makefile:4: recipe for target 'preview' failed
make: *** [preview] Error 1
[Pipeline] }
ERROR: script returned exit code 2
Retrying
[Pipeline] {
[Pipeline] sh
+ make preview
helm init --client-only
$HELM_HOME has been configured at /builder/home/.helm.
Not installing Tiller due to 'client-only' flag having been set
Happy Helming!
helm repo add chartmuseum http://chartmuseum.build.cd.jenkins-x.io
"chartmuseum" has been added to your repositories
sed -i -e "s/version:.*/version: 0.1.0-SNAPSHOT-PR-167-6/" Chart.yaml
sed -i -e "s/version:.*/version: 0.1.0-SNAPSHOT-PR-167-6/" ../*/Chart.yaml
sed -i -e "s/repository: .*/repository: docker.io\/jenkinsxio\/core-backend/" values.yaml
sed -i -e "s/tag: .*/tag: 0.1.0-SNAPSHOT-PR-167-6/" values.yaml
sed -i -e "s/repository: .*/repository: docker.io\/jenkinsxio\/core-backend/" values.yaml
helm dependency build
Hang tight while we grab the latest from your chart repositories...
...Unable to get an update from the "local" chart repository (http://127.0.0.1:8879/charts):
	Get http://127.0.0.1:8879/charts/index.yaml: dial tcp 127.0.0.1:8879: connect: connection refused
...Successfully got an update from the "stable" chart repository
...Successfully got an update from the "chartmuseum" chart repository
Update Complete. Happy Helming!
Saving 2 charts
Downloading exposecontroller from repo http://chartmuseum.build.cd.jenkins-x.io
Downloading exposecontroller from repo http://chartmuseum.build.cd.jenkins-x.io
Deleting outdated charts
helm lint
==> Linting .
Lint OK

1 chart(s) linted, no failures
gcloud auth activate-service-account --key-file ****
Activated service account credentials for: [jx-212@jenkinsx-dev.iam.gserviceaccount.com]
gcloud container clusters get-credentials yakmarsh-rverduci --zone europe-west1-b --project core-dev-1
Fetching cluster endpoint and auth data.
ERROR: (gcloud.container.clusters.get-credentials) ResponseError: code=403, message=Required "container.clusters.get" permission(s) for "projects/core-dev-1/zones/europe-west1-b/clusters/yakmarsh-rverduci". See https://cloud.google.com/kubernetes-engine/docs/troubleshooting#gke_service_account_deleted for more info.
Makefile:4: recipe for target 'preview' failed
make: *** [preview] Error 1
[Pipeline] }
[Pipeline] // retry
[Pipeline] }
[Pipeline] // dir
[Pipeline] }
[Pipeline] // dir
[Pipeline] }
[Pipeline] // stage
[Pipeline] stage
[Pipeline] { (CI Push to Docker hub)
Stage "CI Push to Docker hub" skipped due to earlier failure(s)
[Pipeline] }
[Pipeline] // stage
[Pipeline] stage
[Pipeline] { (Build and Release)
Stage "Build and Release" skipped due to earlier failure(s)
[Pipeline] }
[Pipeline] // stage
[Pipeline] }
[Pipeline] // withEnv
[Pipeline] }
[Pipeline] // withCredentials
[Pipeline] }
[Pipeline] // node
[Pipeline] End of Pipeline
ERROR: script returned exit code 2
Finished: FAILURE
