Step: build-step-credential-initializer:

{"level":"warn","ts":1547642361.1171758,"logger":"fallback-logger","caller":"logging/config.go:65","msg":"Fetch GitHub commit ID from kodata failed: \"ref: refs/heads/test\" is not a valid GitHub commit ID"}
{"level":"info","ts":1547642361.1175516,"logger":"fallback-logger","caller":"creds-init/main.go:40","msg":"Credentials initialized."}
Step: build-step-git-source-0:

{"level":"warn","ts":1547642363.6117826,"logger":"fallback-logger","caller":"logging/config.go:65","msg":"Fetch GitHub commit ID from kodata failed: \"ref: refs/heads/test\" is not a valid GitHub commit ID"}
{"level":"info","ts":1547642365.9946096,"logger":"fallback-logger","caller":"git-init/main.go:92","msg":"Successfully cloned \"https://github.com/jenkins-x/jx.git\" @ \"58405cf1556aa7fc5bac19268edb5204fc2f13ed\" in path \"/workspace\""}
Step: build-step-jenkins:

Picked up _JAVA_OPTIONS: -Xmx512m
Started
Running in Durability level: PERFORMANCE_OPTIMIZED
  11.513 [id=55]	WARNING	i.f.k.c.i.VersionUsageUtils#alert: The client is using resource type 'customresourcedefinitions' with unstable version 'v1beta1'
  20.476 [id=58]	WARNING	o.j.plugins.workflow.cps.DSL#invokeStep: Error storing the arguments for step: checkout
org.kohsuke.stapler.NoStaplerConstructorException: There's no @DataBoundConstructor on any constructor of class io.jenkins.jenkinsfile.runner.FileSystemSCM
	at org.kohsuke.stapler.ClassDescriptor.loadConstructorParamNames(ClassDescriptor.java:265)
	at org.jenkinsci.plugins.structs.describable.DescribableModel.<init>(DescribableModel.java:144)
	at org.jenkinsci.plugins.structs.describable.DescribableModel.of(DescribableModel.java:114)
	at org.jenkinsci.plugins.workflow.cps.actions.ArgumentsActionImpl.sanitizeObjectAndRecordMutation(ArgumentsActionImpl.java:294)
	at org.jenkinsci.plugins.workflow.cps.actions.ArgumentsActionImpl.sanitizeMapAndRecordMutation(ArgumentsActionImpl.java:386)
	at org.jenkinsci.plugins.workflow.cps.actions.ArgumentsActionImpl.<init>(ArgumentsActionImpl.java:74)
	at org.jenkinsci.plugins.workflow.cps.DSL.invokeStep(DSL.java:245)
	at org.jenkinsci.plugins.workflow.cps.DSL.invokeMethod(DSL.java:178)
	at org.jenkinsci.plugins.workflow.cps.CpsScript.invokeMethod(CpsScript.java:122)
	at org.codehaus.groovy.runtime.callsite.PogoMetaClassSite.call(PogoMetaClassSite.java:48)
	at org.codehaus.groovy.runtime.callsite.CallSiteArray.defaultCall(CallSiteArray.java:48)
	at org.codehaus.groovy.runtime.callsite.AbstractCallSite.call(AbstractCallSite.java:113)
	at com.cloudbees.groovy.cps.sandbox.DefaultInvoker.methodCall(DefaultInvoker.java:20)
	at com.cloudbees.groovy.cps.impl.ContinuationGroup.methodCall(ContinuationGroup.java:57)
	at com.cloudbees.groovy.cps.impl.FunctionCallBlock$ContinuationImpl.dispatchOrArg(FunctionCallBlock.java:109)
	at com.cloudbees.groovy.cps.impl.FunctionCallBlock$ContinuationImpl.fixArg(FunctionCallBlock.java:82)
	at sun.reflect.GeneratedMethodAccessor150.invoke(Unknown Source)
	at sun.reflect.DelegatingMethodAccessorImpl.invoke(DelegatingMethodAccessorImpl.java:43)
	at java.lang.reflect.Method.invoke(Method.java:498)
	at com.cloudbees.groovy.cps.impl.ContinuationPtr$ContinuationImpl.receive(ContinuationPtr.java:72)
	at com.cloudbees.groovy.cps.impl.PropertyishBlock$ContinuationImpl.get(PropertyishBlock.java:76)
	at com.cloudbees.groovy.cps.LValueBlock$GetAdapter.receive(LValueBlock.java:30)
	at com.cloudbees.groovy.cps.impl.PropertyishBlock$ContinuationImpl.fixName(PropertyishBlock.java:66)
	at sun.reflect.GeneratedMethodAccessor158.invoke(Unknown Source)
	at sun.reflect.DelegatingMethodAccessorImpl.invoke(DelegatingMethodAccessorImpl.java:43)
	at java.lang.reflect.Method.invoke(Method.java:498)
	at com.cloudbees.groovy.cps.impl.ContinuationPtr$ContinuationImpl.receive(ContinuationPtr.java:72)
	at com.cloudbees.groovy.cps.impl.ConstantBlock.eval(ConstantBlock.java:21)
	at com.cloudbees.groovy.cps.Next.step(Next.java:83)
	at com.cloudbees.groovy.cps.Continuable$1.call(Continuable.java:174)
	at com.cloudbees.groovy.cps.Continuable$1.call(Continuable.java:163)
	at org.codehaus.groovy.runtime.GroovyCategorySupport$ThreadCategoryInfo.use(GroovyCategorySupport.java:129)
	at org.codehaus.groovy.runtime.GroovyCategorySupport.use(GroovyCategorySupport.java:268)
	at com.cloudbees.groovy.cps.Continuable.run0(Continuable.java:163)
	at org.jenkinsci.plugins.workflow.cps.SandboxContinuable.access$101(SandboxContinuable.java:34)
	at org.jenkinsci.plugins.workflow.cps.SandboxContinuable.lambda$run0$0(SandboxContinuable.java:59)
	at org.jenkinsci.plugins.scriptsecurity.sandbox.groovy.GroovySandbox.runInSandbox(GroovySandbox.java:121)
	at org.jenkinsci.plugins.workflow.cps.SandboxContinuable.run0(SandboxContinuable.java:58)
	at org.jenkinsci.plugins.workflow.cps.CpsThread.runNextChunk(CpsThread.java:182)
	at org.jenkinsci.plugins.workflow.cps.CpsThreadGroup.run(CpsThreadGroup.java:332)
	at org.jenkinsci.plugins.workflow.cps.CpsThreadGroup.access$200(CpsThreadGroup.java:83)
	at org.jenkinsci.plugins.workflow.cps.CpsThreadGroup$2.call(CpsThreadGroup.java:244)
	at org.jenkinsci.plugins.workflow.cps.CpsThreadGroup$2.call(CpsThreadGroup.java:232)
	at org.jenkinsci.plugins.workflow.cps.CpsVmExecutorService$2.call(CpsVmExecutorService.java:64)
	at java.util.concurrent.FutureTask.run(FutureTask.java:266)
	at hudson.remoting.SingleLaneExecutorService$1.run(SingleLaneExecutorService.java:131)
	at jenkins.util.ContextResettingExecutorService$1.run(ContextResettingExecutorService.java:28)
	at jenkins.security.ImpersonatingExecutorService$1.run(ImpersonatingExecutorService.java:59)
	at java.util.concurrent.Executors$RunnableAdapter.call(Executors.java:511)
	at java.util.concurrent.FutureTask.run(FutureTask.java:266)
	at java.util.concurrent.ThreadPoolExecutor.runWorker(ThreadPoolExecutor.java:1149)
	at java.util.concurrent.ThreadPoolExecutor$Worker.run(ThreadPoolExecutor.java:624)
	at java.lang.Thread.run(Thread.java:748)
[Pipeline] node
Running on Jenkins in /tmp/jenkinsTests.tmp/jenkins1303885975870418886test/workspace/job
[Pipeline] {
[Pipeline] stage
[Pipeline] { (Declarative: Checkout SCM)
[Pipeline] checkout
[Pipeline] }
[Pipeline] // stage
[Pipeline] withCredentials
[Pipeline] {
[Pipeline] withEnv
[Pipeline] {
[Pipeline] stage
[Pipeline] { (CI Build and Test)
Stage "CI Build and Test" skipped due to when conditional
[Pipeline] }
[Pipeline] // stage
[Pipeline] stage
[Pipeline] { (Build and Release)
[Pipeline] dir
Running in /home/jenkins/go/src/github.com/jenkins-x/jx
[Pipeline] {
[Pipeline] git
Cloning the remote Git repository
Cloning repository https://github.com/jenkins-x/jx
 > git init /home/jenkins/go/src/github.com/jenkins-x/jx # timeout=10
Fetching upstream changes from https://github.com/jenkins-x/jx
 > git --version # timeout=10
 > git fetch --tags --progress https://github.com/jenkins-x/jx +refs/heads/*:refs/remotes/origin/*
 > git config remote.origin.url https://github.com/jenkins-x/jx # timeout=10
 > git config --add remote.origin.fetch +refs/heads/*:refs/remotes/origin/* # timeout=10
 > git config remote.origin.url https://github.com/jenkins-x/jx # timeout=10
Fetching upstream changes from https://github.com/jenkins-x/jx
 > git fetch --tags --progress https://github.com/jenkins-x/jx +refs/heads/*:refs/remotes/origin/*
 > git rev-parse refs/remotes/origin/master^{commit} # timeout=10
 > git rev-parse refs/remotes/origin/origin/master^{commit} # timeout=10
Checking out Revision f821fa4f3376ad28ee2efa8a94193c6d851952c3 (refs/remotes/origin/master)
 > git config core.sparsecheckout # timeout=10
 > git checkout -f f821fa4f3376ad28ee2efa8a94193c6d851952c3
 > git branch -a -v --no-abbrev # timeout=10
 > git checkout -b master f821fa4f3376ad28ee2efa8a94193c6d851952c3
Commit message: "Merge pull request #2700 from fiunchinho/smart_get_build_logs"
First time build. Skipping changelog.
[Pipeline] sh
+ git config --global credential.helper store
[Pipeline] sh
+ jx step git credentials
Generated Git credentials file /home/jenkins/git/credentials
[Pipeline] sh
+ jx-release-version
+ echo 1.3.738
[Pipeline] sh
+ make release
go: finding github.com/gobwas/glob v0.2.3
go: finding github.com/Netflix/go-expect v0.0.0-20180814212900-124a37274874
go: finding github.com/Jeffail/gabs v1.1.0
go: finding github.com/chai2010/gettext-go v0.0.0-20170215093142-bf70f2a70fb1
go: finding github.com/beevik/etree v1.0.1
go: finding github.com/acarl005/stripansi v0.0.0-20180116102854-5a71ef0e047d
go: finding github.com/gfleury/go-bitbucket-v1 v0.0.0-20181102191809-4910839b609e
go: finding github.com/alexflint/go-filemutex v0.0.0-20171028004239-d358565f3c3f
go: finding github.com/golang/snappy v0.0.0-20180518054509-2e65f85255db
go: finding k8s.io/cli-runtime v0.0.0-20181026155151-1ee5ba10d7e3
go: finding github.com/shirou/gopsutil v0.0.0-20180901134234-eb1f1ab16f2e
go: finding k8s.io/apimachinery v0.0.0-20180621070125-103fd098999d
go: finding github.com/blang/semver v3.5.1+incompatible
go: finding github.com/spf13/pflag v1.0.1
go: finding github.com/cenkalti/backoff v2.0.0+incompatible
go: finding github.com/bwmarrin/snowflake v0.0.0-20180412010544-68117e6bbede
go: finding github.com/googleapis/gnostic v0.2.0
go: finding github.com/beorn7/perks v0.0.0-20180321164747-3a771d992973
go: finding github.com/shirou/w32 v0.0.0-20160930032740-bb4de0191aa4
go: finding github.com/knative/build v0.0.0-20180906201914-846036c8b91d
go: finding github.com/c2h5oh/datasize v0.0.0-20171227191756-4eba002a5eae
go: finding google.golang.org/api v0.0.0-20180724000608-2c45710c7f3f
go: finding github.com/gogo/protobuf v1.1.1
go: finding google.golang.org/grpc v1.13.0
go: finding k8s.io/client-go v8.0.0+incompatible
go: finding github.com/hashicorp/vault v0.11.4
go: finding github.com/andygrunwald/go-gerrit v0.0.0-20181026193842-43cfd7a94eb4
go: finding github.com/fatih/color v1.7.0
go: finding k8s.io/metrics v0.0.0-20180620010437-b11cf31b380b
go: finding github.com/spf13/viper v1.0.2
go: finding github.com/google/btree v0.0.0-20180124185431-e89373fe6b4a
go: finding github.com/spf13/cast v1.2.0
go: finding github.com/MakeNowJust/heredoc v0.0.0-20171113091838-e9091a26100e
go: finding k8s.io/kube-openapi v0.0.0-20180719232738-d8ea2fe547a4
go: finding github.com/dgrijalva/jwt-go v3.2.0+incompatible
go: finding github.com/inconshreveable/mousetrap v1.0.0
go: finding github.com/viniciuschiele/tarx v0.0.0-20151205142357-6e3da540444d
go: finding github.com/mitchellh/go-homedir v0.0.0-20180523094522-3864e76763d9
go: finding github.com/prometheus/client_model v0.0.0-20180712105110-5c3871d89910
go: finding github.com/modern-go/reflect2 v0.0.0-20180701023420-4b7aa43c6742
go: finding github.com/fatih/structs v1.0.0
go: finding github.com/spf13/cobra v0.0.3
go: finding github.com/heptio/sonobuoy v0.12.0
go: finding github.com/emirpasic/gods v1.9.0
go: finding github.com/go-ini/ini v1.38.1
go: finding github.com/shurcooL/githubv4 v0.0.0-20180509030948-19298c78142b
go: finding gopkg.in/warnings.v0 v0.1.2
go: finding k8s.io/code-generator v0.0.0-20181017053441-8c97d6ab64da
go: finding github.com/gophercloud/gophercloud v0.0.0-20180721014243-9bb899a7c1d9
go: finding github.com/prometheus/procfs v0.0.0-20180705121852-ae68e2d4c00f
go: finding github.com/hashicorp/hcl v0.0.0-20180404174102-ef8a98b0bbce
go: finding github.com/jenkins-x/draft-repo v0.0.0-20180417100212-2f66cc518135
go: finding github.com/Azure/draft v0.15.0
go: finding gopkg.in/alecthomas/kingpin.v2 v2.2.6
go: finding github.com/hashicorp/go-retryablehttp v0.0.0-20180718195005-e651d75abec6
go: finding github.com/trivago/tgo v1.0.1
go: finding github.com/danwakefield/fnmatch v0.0.0-20160403171240-cbb64ac3d964
go: finding github.com/stoewer/go-strcase v1.0.1
go: finding github.com/mattn/go-colorable v0.0.9
go: finding gopkg.in/yaml.v2 v2.2.1
go: finding github.com/go-ole/go-ole v1.2.1
go: finding gopkg.in/inf.v0 v0.9.1
go: finding golang.org/x/sync v0.0.0-20180314180146-1d60e4601c6f
go: finding code.gitea.io/sdk v0.0.0-20180702024448-79a281c4e34a
go: finding github.com/shurcooL/graphql v0.0.0-20180514000029-62c9ce094e75
go: finding github.com/alecthomas/template v0.0.0-20160405071501-a0175ee3bccc
go: finding github.com/google/gofuzz v0.0.0-20170612174753-24818f796faf
go: finding github.com/nlopes/slack v0.0.0-20180721202243-347a74b1ea30
go: finding golang.org/x/time v0.0.0-20180412165947-fbb02b2291d2
go: finding github.com/modern-go/concurrent v0.0.0-20180306012644-bacd9c7ef1dd
go: finding github.com/rodaine/hclencoder v0.0.0-20180926060551-0680c4321930
go: finding gopkg.in/AlecAivazis/survey.v1 v1.6.2
go: finding github.com/prometheus/client_golang v0.8.0
go: finding github.com/gregjones/httpcache v0.0.0-20180305231024-9cad4c3443a7
go: finding github.com/shurcooL/go v0.0.0-20180423040247-9e1955d9fb6e
go: finding github.com/google/go-github v17.0.0+incompatible
go: finding github.com/petergtz/pegomock v0.0.0-20181206220228-b113d17a7e81
go: finding github.com/russross/blackfriday v1.5.1
go: finding github.com/Azure/go-autorest v10.14.0+incompatible
go: finding k8s.io/gengo v0.0.0-20180718083919-906d99f89cd6
go: finding github.com/satori/go.uuid v1.2.0
go: finding github.com/json-iterator/go v0.0.0-20180701071628-ab8a2e0c74be
go: finding github.com/chromedp/cdproto v0.0.0-20180720050708-57cf4773008d
go: finding github.com/src-d/gcfg v1.3.0
go: finding golang.org/x/tools v0.0.0-20180723204246-ded554d0681e
go: finding github.com/iancoleman/orderedmap v0.0.0-20181121102841-22c6ecc9fe13
go: finding github.com/codeship/codeship-go v0.0.0-20180717142545-7793ca823354
go: finding github.com/BurntSushi/toml v0.3.0
go: finding github.com/hashicorp/go-rootcerts v0.0.0-20160503143440-6bb64b370b90
go: finding github.com/alecthomas/units v0.0.0-20151022065526-2efee857e7cf
go: finding github.com/spf13/jwalterweatherman v0.0.0-20180109140146-7c0cea34c8ec
go: finding github.com/cpuguy83/go-md2man v1.0.8
go: finding github.com/magiconair/properties v1.8.0
go: finding gopkg.in/src-d/go-billy.v4 v4.2.0
go: finding github.com/mitchellh/mapstructure v0.0.0-20180715050151-f15292f7a699
go: finding github.com/denormal/go-gitignore v0.0.0-20180713143441-75ce8f3e513c
go: finding github.com/google/go-querystring v0.0.0-20170111101155-53e6ce116135
go: finding github.com/aws/aws-sdk-go v1.15.50
go: finding golang.org/x/image v0.0.0-20180708004352-c73c2afc3b81
go: finding github.com/spf13/afero v1.1.1
go: finding github.com/kevinburke/ssh_config v0.0.0-20180317175531-9fc7bb800b55
go: finding github.com/googleapis/gax-go v2.0.0+incompatible
go: finding gopkg.in/robfig/cron.v2 v2.0.0-20150107220207-be2e0b0deed5
go: finding github.com/jenkins-x/golang-jenkins v0.0.0-20180919102630-65b83ad42314
go: finding k8s.io/test-infra v0.0.0-20190107185424-8f27afa1a239
go: finding github.com/mattn/go-isatty v0.0.3
go: finding github.com/pkg/errors v0.8.0
go: finding gopkg.in/check.v1 v0.0.0-20161208181325-20d25e280405
go: finding github.com/evanphx/json-patch v4.1.0+incompatible
go: finding github.com/gorilla/mux v1.6.2
go: finding github.com/kr/pty v1.1.2
go: finding github.com/pelletier/go-buffruneio v0.2.0
go: finding github.com/jbenet/go-context v0.0.0-20150711004518-d14ea06fba99
go: finding github.com/xanzy/go-gitlab v0.0.0-20180814191223-f3bc634ab936
go: finding github.com/Pallinder/go-randomdata v0.0.0-20180616180521-15df0648130a
go: finding k8s.io/kubernetes v1.11.3
go: finding k8s.io/apiextensions-apiserver v0.0.0-20180621085152-bbc52469f98b
go: finding github.com/hashicorp/go-multierror v1.0.0
go: finding github.com/hashicorp/golang-lru v0.0.0-20180201235237-0fb14efe8c47
go: finding github.com/stretchr/testify v1.2.2
go: finding github.com/IBM-Cloud/bluemix-go v0.0.0-20181008063305-d718d474c7c2
go: finding github.com/onsi/ginkgo v1.6.0
go: finding google.golang.org/genproto v0.0.0-20180722052100-02b4e9547331
go: finding github.com/go-openapi/spec v0.17.1
go: finding github.com/hashicorp/go-cleanhttp v0.5.0
go: finding github.com/sirupsen/logrus v1.0.6
go: finding github.com/golang/protobuf v1.1.0
go: finding github.com/pborman/uuid v0.0.0-20170612153648-e790cca94e6c
go: finding github.com/sethvargo/go-password v0.1.2
go: finding github.com/hashicorp/go-sockaddr v0.0.0-20180320115054-6d291a969b86
go: finding github.com/pkg/browser v0.0.0-20170505125900-c90ca0c84f15
go: finding github.com/petar/GoLLRB v0.0.0-20130427215148-53be0d36a84c
go: finding github.com/wbrefvem/go-bitbucket v0.0.0-20180917214347-1c96061fe622
go: finding github.com/gorilla/sessions v1.1.1
go: finding golang.org/x/net v0.0.0-20181005035420-146acd28ed58
go: finding github.com/go-openapi/jsonpointer v0.17.0
go: finding github.com/rifflock/lfshook v0.0.0-20180227222202-bf539943797a
go: finding github.com/Masterminds/semver v1.4.2
go: finding gopkg.in/tomb.v1 v1.0.0-20141024135613-dd632973f1e7
go: finding github.com/bouk/monkey v1.0.0
go: finding golang.org/x/sys v0.0.0-20181206074257-70b957f3b65e
go: finding github.com/knq/snaker v0.0.0-20180306023312-d9ad1e7f342a
go: finding github.com/davecgh/go-spew v1.1.1
go: finding github.com/emicklei/go-restful v2.8.0+incompatible
go: finding github.com/gorilla/context v1.1.1
go: finding github.com/hashicorp/errwrap v1.0.0
go: finding github.com/go-ini/ini v1.25.4
go: finding github.com/operator-framework/operator-sdk v0.0.0-20181011175812-913cbf711929
go: finding github.com/chromedp/chromedp v0.1.1
go: finding k8s.io/api v0.0.0-20180628040859-072894a440bd+incompatible
go: finding golang.org/x/oauth2 v0.0.0-20180620175406-ef147856a6dd
go: finding github.com/andygrunwald/go-jira v1.5.0
go: finding github.com/banzaicloud/bank-vaults v0.0.0-20181129101211-e31657d7c4fe
go: finding github.com/jbrukh/bayesian v0.0.0-20161210175230-bf3f261f9a9c
go: finding github.com/onsi/gomega v1.4.1
go: finding github.com/golang/glog v0.0.0-20160126235308-23def4e6c14b
go: finding github.com/pelletier/go-toml v1.2.0
go: finding github.com/PuerkitoBio/purell v1.1.0
go: finding github.com/docker/spdystream v0.0.0-20170912183627-bc6354cbbc29
go: finding gopkg.in/fsnotify.v1 v1.4.7
go: finding github.com/fsnotify/fsnotify v1.4.7
go: finding gopkg.in/src-d/go-git.v4 v4.5.0
go: finding github.com/go-openapi/jsonreference v0.17.0
go: finding golang.org/x/text v0.3.0
go: finding github.com/pmezard/go-difflib v1.0.0
go: finding k8s.io/helm v2.7.2+incompatible
go: finding golang.org/x/crypto v0.0.0-20181203042331-505ab145d0a9
go: finding github.com/hinshun/vt10x v0.0.0-20180809195222-d55458df857c
go: finding github.com/ghodss/yaml v1.0.0
go: finding github.com/matttproud/golang_protobuf_extensions v1.0.1
go: finding github.com/go-openapi/swag v0.17.0
go: finding google.golang.org/appengine v1.1.0
go: finding go.opencensus.io v0.14.0
go: finding cloud.google.com/go v0.25.0
go: finding github.com/peterbourgon/diskv v2.0.1+incompatible
go: finding github.com/mgutz/ansi v0.0.0-20170206155736-9520e82c474b
go: finding github.com/mailru/easyjson v0.0.0-20180606163543-3fdea8d05856
go: finding github.com/imdario/mergo v0.3.5
go: finding github.com/ryanuber/go-glob v0.0.0-20170128012129-256dc444b735
go: finding sigs.k8s.io/yaml v1.1.0
go: finding github.com/kballard/go-shellquote v0.0.0-20180428030007-95032a82bc51
go: finding github.com/chromedp/cdproto v0.0.0-20180703215205-c125a34ea3b3
go: finding github.com/hashicorp/go-version v0.0.0-20180716215031-270f2f71b1ee
go: finding github.com/PuerkitoBio/urlesc v0.0.0-20170810143723-de5bf2ad4578
go: finding github.com/xanzy/ssh-agent v0.2.0
go: finding github.com/jmespath/go-jmespath v0.0.0-20160202185014-0b12d6b521d8
go: finding github.com/gorilla/websocket v1.2.0
go: finding github.com/knq/sysutil v0.0.0-20180306023629-0218e141a794
go: finding github.com/gorilla/securecookie v1.1.1
go: finding github.com/StackExchange/wmi v0.0.0-20180116203802-5d049714c4a6
go: finding github.com/hpcloud/tail v1.0.0
go: finding golang.org/x/image v0.0.0-20180628062038-cc896f830ced
go: finding github.com/jetstack/cert-manager v0.5.2
go: finding github.com/disintegration/imaging v1.4.2
go: finding github.com/prometheus/common v0.0.0-20180518154759-7600349dcfe1
go: finding github.com/jenkins-x/chyle v0.0.0-20180226080600-68f7a93a63ec
go: finding github.com/mailru/easyjson v0.0.0-20180823135443-60711f1a8329
go: finding github.com/pierrec/lz4 v2.0.5+incompatible
go: finding github.com/sergi/go-diff v1.0.0
go: downloading k8s.io/client-go v8.0.0+incompatible
go: downloading github.com/sirupsen/logrus v1.0.6
go: downloading k8s.io/apimachinery v0.0.0-20180621070125-103fd098999d
go: downloading github.com/banzaicloud/bank-vaults v0.0.0-20181129101211-e31657d7c4fe
go: downloading gopkg.in/AlecAivazis/survey.v1 v1.6.2
go: downloading github.com/petergtz/pegomock v0.0.0-20181206220228-b113d17a7e81
go: downloading github.com/google/go-github v17.0.0+incompatible
go: downloading github.com/rodaine/hclencoder v0.0.0-20180926060551-0680c4321930
go: downloading github.com/xanzy/go-gitlab v0.0.0-20180814191223-f3bc634ab936
go: downloading github.com/knative/build v0.0.0-20180906201914-846036c8b91d
go: downloading github.com/hashicorp/hcl v0.0.0-20180404174102-ef8a98b0bbce
go: downloading gopkg.in/src-d/go-git.v4 v4.5.0
go: downloading gopkg.in/yaml.v2 v2.2.1
go: downloading k8s.io/test-infra v0.0.0-20190107185424-8f27afa1a239
go: downloading github.com/ghodss/yaml v1.0.0
go: downloading k8s.io/api v0.0.0-20180628040859-072894a440bd+incompatible
go: downloading github.com/chromedp/chromedp v0.1.1
go: downloading k8s.io/metrics v0.0.0-20180620010437-b11cf31b380b
go: downloading github.com/Azure/draft v0.15.0
go: downloading github.com/aws/aws-sdk-go v1.15.50
go: downloading github.com/hpcloud/tail v1.0.0
go: downloading github.com/gfleury/go-bitbucket-v1 v0.0.0-20181102191809-4910839b609e
go: downloading github.com/jenkins-x/golang-jenkins v0.0.0-20180919102630-65b83ad42314
go: downloading github.com/jenkins-x/chyle v0.0.0-20180226080600-68f7a93a63ec
go: downloading github.com/heptio/sonobuoy v0.12.0
go: downloading github.com/pkg/browser v0.0.0-20170505125900-c90ca0c84f15
go: downloading code.gitea.io/sdk v0.0.0-20180702024448-79a281c4e34a
go: downloading gopkg.in/src-d/go-billy.v4 v4.2.0
go: downloading github.com/blang/semver v3.5.1+incompatible
go: downloading github.com/IBM-Cloud/bluemix-go v0.0.0-20181008063305-d718d474c7c2
go: downloading github.com/nlopes/slack v0.0.0-20180721202243-347a74b1ea30
go: downloading github.com/hashicorp/go-version v0.0.0-20180716215031-270f2f71b1ee
go: downloading golang.org/x/sys v0.0.0-20181206074257-70b957f3b65e
go: downloading github.com/pkg/errors v0.8.0
go: downloading github.com/spf13/pflag v1.0.1
go: downloading github.com/stoewer/go-strcase v1.0.1
go: downloading github.com/sergi/go-diff v1.0.0
go: downloading github.com/spf13/cobra v0.0.3
go: downloading github.com/gorilla/websocket v1.2.0
go: downloading k8s.io/apiextensions-apiserver v0.0.0-20180621085152-bbc52469f98b
go: downloading golang.org/x/oauth2 v0.0.0-20180620175406-ef147856a6dd
go: downloading gopkg.in/tomb.v1 v1.0.0-20141024135613-dd632973f1e7
go: downloading github.com/codeship/codeship-go v0.0.0-20180717142545-7793ca823354
go: downloading github.com/kballard/go-shellquote v0.0.0-20180428030007-95032a82bc51
go: downloading github.com/mitchellh/mapstructure v0.0.0-20180715050151-f15292f7a699
go: downloading github.com/emirpasic/gods v1.9.0
go: downloading github.com/pborman/uuid v0.0.0-20170612153648-e790cca94e6c
go: downloading github.com/mgutz/ansi v0.0.0-20170206155736-9520e82c474b
go: downloading github.com/google/go-querystring v0.0.0-20170111101155-53e6ce116135
go: downloading github.com/onsi/ginkgo v1.6.0
go: downloading github.com/Pallinder/go-randomdata v0.0.0-20180616180521-15df0648130a
go: downloading github.com/hashicorp/golang-lru v0.0.0-20180201235237-0fb14efe8c47
go: downloading github.com/golang/protobuf v1.1.0
go: downloading github.com/googleapis/gnostic v0.2.0
go: downloading github.com/spf13/cast v1.2.0
go: downloading github.com/golang/glog v0.0.0-20160126235308-23def4e6c14b
go: downloading golang.org/x/net v0.0.0-20181005035420-146acd28ed58
go: downloading github.com/fatih/color v1.7.0
go: downloading k8s.io/helm v2.7.2+incompatible
go: downloading github.com/peterbourgon/diskv v2.0.1+incompatible
go: downloading github.com/gregjones/httpcache v0.0.0-20180305231024-9cad4c3443a7
go: downloading github.com/cenkalti/backoff v2.0.0+incompatible
go: downloading github.com/MakeNowJust/heredoc v0.0.0-20171113091838-e9091a26100e
go: downloading github.com/denormal/go-gitignore v0.0.0-20180713143441-75ce8f3e513c
go: downloading github.com/hashicorp/vault v0.11.4
go: downloading golang.org/x/crypto v0.0.0-20181203042331-505ab145d0a9
go: downloading github.com/mattn/go-isatty v0.0.3
go: downloading github.com/gorilla/mux v1.6.2
go: downloading github.com/gogo/protobuf v1.1.1
go: downloading github.com/chromedp/cdproto v0.0.0-20180720050708-57cf4773008d
go: downloading github.com/mailru/easyjson v0.0.0-20180823135443-60711f1a8329
go: downloading github.com/wbrefvem/go-bitbucket v0.0.0-20180917214347-1c96061fe622
go: downloading github.com/operator-framework/operator-sdk v0.0.0-20181011175812-913cbf711929
go: downloading github.com/Azure/go-autorest v10.14.0+incompatible
go: downloading github.com/google/btree v0.0.0-20180124185431-e89373fe6b4a
go: downloading github.com/gobwas/glob v0.2.3
go: downloading github.com/gophercloud/gophercloud v0.0.0-20180721014243-9bb899a7c1d9
go: downloading github.com/andygrunwald/go-jira v1.5.0
go: downloading github.com/danwakefield/fnmatch v0.0.0-20160403171240-cbb64ac3d964
go: downloading github.com/acarl005/stripansi v0.0.0-20180116102854-5a71ef0e047d
go: downloading github.com/jbenet/go-context v0.0.0-20150711004518-d14ea06fba99
go: downloading github.com/stretchr/testify v1.2.2
go: downloading github.com/jetstack/cert-manager v0.5.2
go: downloading github.com/andygrunwald/go-gerrit v0.0.0-20181026193842-43cfd7a94eb4
go: downloading github.com/iancoleman/orderedmap v0.0.0-20181121102841-22c6ecc9fe13
go: downloading github.com/BurntSushi/toml v0.3.0
go: downloading github.com/dgrijalva/jwt-go v3.2.0+incompatible
go: downloading github.com/rifflock/lfshook v0.0.0-20180227222202-bf539943797a
go: downloading gopkg.in/fsnotify.v1 v1.4.7
go: downloading github.com/trivago/tgo v1.0.1
go: downloading golang.org/x/sync v0.0.0-20180314180146-1d60e4601c6f
go: downloading github.com/jbrukh/bayesian v0.0.0-20161210175230-bf3f261f9a9c
go: downloading github.com/jenkins-x/draft-repo v0.0.0-20180417100212-2f66cc518135
go: downloading github.com/google/gofuzz v0.0.0-20170612174753-24818f796faf
go: downloading github.com/alexflint/go-filemutex v0.0.0-20171028004239-d358565f3c3f
go: downloading github.com/viniciuschiele/tarx v0.0.0-20151205142357-6e3da540444d
go: downloading github.com/sethvargo/go-password v0.1.2
go: downloading github.com/cpuguy83/go-md2man v1.0.8
go: downloading github.com/russross/blackfriday v1.5.1
go: downloading github.com/gorilla/sessions v1.1.1
go: downloading golang.org/x/time v0.0.0-20180412165947-fbb02b2291d2
go: downloading golang.org/x/text v0.3.0
go: downloading github.com/Netflix/go-expect v0.0.0-20180814212900-124a37274874
go: downloading github.com/davecgh/go-spew v1.1.1
go: downloading gopkg.in/robfig/cron.v2 v2.0.0-20150107220207-be2e0b0deed5
go: downloading github.com/mitchellh/go-homedir v0.0.0-20180523094522-3864e76763d9
go: downloading github.com/gorilla/securecookie v1.1.1
go: downloading github.com/imdario/mergo v0.3.5
go: downloading github.com/knq/sysutil v0.0.0-20180306023629-0218e141a794
go: downloading github.com/mattn/go-colorable v0.0.9
go: downloading github.com/shirou/gopsutil v0.0.0-20180901134234-eb1f1ab16f2e
go: downloading github.com/kevinburke/ssh_config v0.0.0-20180317175531-9fc7bb800b55
go: downloading github.com/disintegration/imaging v1.4.2
go: downloading github.com/fatih/structs v1.0.0
go: downloading sigs.k8s.io/yaml v1.1.0
go: downloading gopkg.in/inf.v0 v0.9.1
go: downloading github.com/beevik/etree v1.0.1
go: downloading github.com/Jeffail/gabs v1.1.0
go: downloading github.com/pmezard/go-difflib v1.0.0
go: downloading github.com/pelletier/go-buffruneio v0.2.0
go: downloading github.com/Masterminds/semver v1.4.2
go: downloading golang.org/x/image v0.0.0-20180708004352-c73c2afc3b81
go: downloading k8s.io/kube-openapi v0.0.0-20180719232738-d8ea2fe547a4
go: downloading github.com/onsi/gomega v1.4.1
go: downloading github.com/hinshun/vt10x v0.0.0-20180809195222-d55458df857c
go: downloading github.com/prometheus/client_golang v0.8.0
go: downloading github.com/src-d/gcfg v1.3.0
go: downloading github.com/kr/pty v1.1.2
go: downloading github.com/docker/spdystream v0.0.0-20170912183627-bc6354cbbc29
go: downloading github.com/fsnotify/fsnotify v1.4.7
go: downloading github.com/gorilla/context v1.1.1
go: downloading github.com/satori/go.uuid v1.2.0
go: downloading github.com/bwmarrin/snowflake v0.0.0-20180412010544-68117e6bbede
go: downloading github.com/xanzy/ssh-agent v0.2.0
go: downloading github.com/c2h5oh/datasize v0.0.0-20171227191756-4eba002a5eae
go: downloading github.com/go-ini/ini v1.38.1
go: downloading github.com/spf13/viper v1.0.2
go: downloading github.com/jmespath/go-jmespath v0.0.0-20160202185014-0b12d6b521d8
go: downloading cloud.google.com/go v0.25.0
go: downloading github.com/magiconair/properties v1.8.0
go: downloading github.com/pelletier/go-toml v1.2.0
go: downloading github.com/prometheus/common v0.0.0-20180518154759-7600349dcfe1
go: downloading github.com/spf13/jwalterweatherman v0.0.0-20180109140146-7c0cea34c8ec
go: downloading github.com/spf13/afero v1.1.1
go: downloading github.com/json-iterator/go v0.0.0-20180701071628-ab8a2e0c74be
go: downloading github.com/beorn7/perks v0.0.0-20180321164747-3a771d992973
go: downloading github.com/shurcooL/githubv4 v0.0.0-20180509030948-19298c78142b
go: downloading github.com/prometheus/client_model v0.0.0-20180712105110-5c3871d89910
go: downloading gopkg.in/warnings.v0 v0.1.2
go: downloading github.com/modern-go/concurrent v0.0.0-20180306012644-bacd9c7ef1dd
go: downloading github.com/shurcooL/graphql v0.0.0-20180514000029-62c9ce094e75
go: downloading github.com/prometheus/procfs v0.0.0-20180705121852-ae68e2d4c00f
go: downloading github.com/shurcooL/go v0.0.0-20180423040247-9e1955d9fb6e
go: downloading github.com/modern-go/reflect2 v0.0.0-20180701023420-4b7aa43c6742
go: downloading google.golang.org/api v0.0.0-20180724000608-2c45710c7f3f
go: downloading github.com/matttproud/golang_protobuf_extensions v1.0.1
go: downloading google.golang.org/genproto v0.0.0-20180722052100-02b4e9547331
go: downloading google.golang.org/grpc v1.13.0
go: downloading github.com/googleapis/gax-go v2.0.0+incompatible
go: downloading go.opencensus.io v0.14.0
go: downloading github.com/hashicorp/go-multierror v1.0.0
go: downloading github.com/hashicorp/errwrap v1.0.0
go: downloading github.com/hashicorp/go-cleanhttp v0.5.0
go: downloading github.com/hashicorp/go-rootcerts v0.0.0-20160503143440-6bb64b370b90
go: downloading github.com/hashicorp/go-retryablehttp v0.0.0-20180718195005-e651d75abec6
go: downloading github.com/hashicorp/go-sockaddr v0.0.0-20180320115054-6d291a969b86
go: downloading github.com/pierrec/lz4 v2.0.5+incompatible
go: downloading github.com/golang/snappy v0.0.0-20180518054509-2e65f85255db
go: downloading github.com/ryanuber/go-glob v0.0.0-20170128012129-256dc444b735
CGO_ENABLED=0 GO111MODULE=on GO15VENDOREXPERIMENT=1 go build -ldflags " -X github.com/jenkins-x/jx/pkg/version.Version=1.3.738 -X github.com/jenkins-x/jx/pkg/version.Revision='f821fa4f' -X github.com/jenkins-x/jx/pkg/version.Branch='master' -X github.com/jenkins-x/jx/pkg/version.BuildDate='20190116-12:42:06' -X github.com/jenkins-x/jx/pkg/version.GoVersion='1.11.4'" -o build/jx cmd/jx/jx.go
go: downloading github.com/bouk/monkey v1.0.0
?   	github.com/jenkins-x/jx/cmd/ip	[no test files]
?   	github.com/jenkins-x/jx/cmd/jx	[no test files]
?   	github.com/jenkins-x/jx/cmd/jx/app	[no test files]
?   	github.com/jenkins-x/jx/pkg/addon	[no test files]
?   	github.com/jenkins-x/jx/pkg/apis/jenkins.io	[no test files]
?   	github.com/jenkins-x/jx/pkg/apis/jenkins.io/v1	[no test files]
ok  	github.com/jenkins-x/jx/pkg/auth	0.347s	coverage: 33.7% of statements
?   	github.com/jenkins-x/jx/pkg/auth/mocks	[no test files]
ok  	github.com/jenkins-x/jx/pkg/binaries	0.144s	coverage: 55.6% of statements
ok  	github.com/jenkins-x/jx/pkg/buildnum	0.497s	coverage: 44.2% of statements
?   	github.com/jenkins-x/jx/pkg/buildnum/mocks	[no test files]
?   	github.com/jenkins-x/jx/pkg/buildnum/mocks/matchers	[no test files]
ok  	github.com/jenkins-x/jx/pkg/builds	0.890s	coverage: 49.8% of statements
?   	github.com/jenkins-x/jx/pkg/certmanager	[no test files]
?   	github.com/jenkins-x/jx/pkg/chats	[no test files]
?   	github.com/jenkins-x/jx/pkg/client/clientset/versioned	[no test files]
?   	github.com/jenkins-x/jx/pkg/client/clientset/versioned/fake	[no test files]
?   	github.com/jenkins-x/jx/pkg/client/clientset/versioned/scheme	[no test files]
?   	github.com/jenkins-x/jx/pkg/client/clientset/versioned/typed/jenkins.io/v1	[no test files]
?   	github.com/jenkins-x/jx/pkg/client/clientset/versioned/typed/jenkins.io/v1/fake	[no test files]
?   	github.com/jenkins-x/jx/pkg/client/informers/externalversions	[no test files]
?   	github.com/jenkins-x/jx/pkg/client/informers/externalversions/internalinterfaces	[no test files]
?   	github.com/jenkins-x/jx/pkg/client/informers/externalversions/jenkins.io	[no test files]
?   	github.com/jenkins-x/jx/pkg/client/informers/externalversions/jenkins.io/v1	[no test files]
?   	github.com/jenkins-x/jx/pkg/client/listers/jenkins.io/v1	[no test files]
ok  	github.com/jenkins-x/jx/pkg/cloud/aks	0.185s	coverage: 81.2% of statements
ok  	github.com/jenkins-x/jx/pkg/cloud/amazon	0.447s	coverage: 8.9% of statements
ok  	github.com/jenkins-x/jx/pkg/cloud/gke	1.760s	coverage: 3.2% of statements
?   	github.com/jenkins-x/jx/pkg/cloud/gke/vault	[no test files]
?   	github.com/jenkins-x/jx/pkg/cloud/iks	[no test files]
?   	github.com/jenkins-x/jx/pkg/cloud/oke	[no test files]
ok  	github.com/jenkins-x/jx/pkg/config	1.196s	coverage: 18.6% of statements
ok  	github.com/jenkins-x/jx/pkg/cve	0.743s	coverage: 0.0% of statements
?   	github.com/jenkins-x/jx/pkg/draft	[no test files]
?   	github.com/jenkins-x/jx/pkg/expose	[no test files]
ok  	github.com/jenkins-x/jx/pkg/extensions	1.099s	coverage: 19.4% of statements
ok  	github.com/jenkins-x/jx/pkg/gits	1.187s	coverage: 5.3% of statements
?   	github.com/jenkins-x/jx/pkg/gits/mocks	[no test files]
?   	github.com/jenkins-x/jx/pkg/gits/mocks/matchers	[no test files]
ok  	github.com/jenkins-x/jx/pkg/helm	0.629s	coverage: 32.3% of statements
?   	github.com/jenkins-x/jx/pkg/helm/mocks	[no test files]
ok  	github.com/jenkins-x/jx/pkg/io	0.620s	coverage: 67.9% of statements
ok  	github.com/jenkins-x/jx/pkg/io/secrets	0.670s	coverage: 52.4% of statements
?   	github.com/jenkins-x/jx/pkg/issues	[no test files]
?   	github.com/jenkins-x/jx/pkg/jenkins	[no test files]
?   	github.com/jenkins-x/jx/pkg/jenkins/fake	[no test files]
ok  	github.com/jenkins-x/jx/pkg/jenkinsfile	0.628s	coverage: 12.0% of statements
ok  	github.com/jenkins-x/jx/pkg/jx/cmd	48.505s	coverage: 18.1% of statements
?   	github.com/jenkins-x/jx/pkg/jx/cmd/certmanager	[no test files]
?   	github.com/jenkins-x/jx/pkg/jx/cmd/common	[no test files]
?   	github.com/jenkins-x/jx/pkg/jx/cmd/mocks	[no test files]
?   	github.com/jenkins-x/jx/pkg/jx/cmd/mocks/matchers	[no test files]
?   	github.com/jenkins-x/jx/pkg/jx/cmd/templates	[no test files]
ok  	github.com/jenkins-x/jx/pkg/kube	1.914s	coverage: 27.8% of statements
?   	github.com/jenkins-x/jx/pkg/kube/mocks	[no test files]
ok  	github.com/jenkins-x/jx/pkg/kube/pki	10.319s	coverage: 56.5% of statements
?   	github.com/jenkins-x/jx/pkg/kube/serviceaccount	[no test files]
?   	github.com/jenkins-x/jx/pkg/kube/services	[no test files]
ok  	github.com/jenkins-x/jx/pkg/kube/vault	0.769s	coverage: 64.9% of statements
?   	github.com/jenkins-x/jx/pkg/log	[no test files]
?   	github.com/jenkins-x/jx/pkg/maven	[no test files]
?   	github.com/jenkins-x/jx/pkg/nodes	[no test files]
?   	github.com/jenkins-x/jx/pkg/pipeline_events	[no test files]
ok  	github.com/jenkins-x/jx/pkg/prow	1.015s	coverage: 79.6% of statements
ok  	github.com/jenkins-x/jx/pkg/prow/config	0.857s	coverage: 10.1% of statements
ok  	github.com/jenkins-x/jx/pkg/quickstarts	0.822s	coverage: 18.4% of statements
ok  	github.com/jenkins-x/jx/pkg/reports	0.151s	coverage: 39.7% of statements
?   	github.com/jenkins-x/jx/pkg/sourcerepository	[no test files]
?   	github.com/jenkins-x/jx/pkg/sourcerepository/mocks	[no test files]
?   	github.com/jenkins-x/jx/pkg/sourcerepository/mocks/matchers	[no test files]
?   	github.com/jenkins-x/jx/pkg/spring	[no test files]
ok  	github.com/jenkins-x/jx/pkg/surveyutils	0.649s	coverage: 0.9% of statements
?   	github.com/jenkins-x/jx/pkg/table	[no test files]
ok  	github.com/jenkins-x/jx/pkg/terraform	0.371s	coverage: 6.8% of statements
?   	github.com/jenkins-x/jx/pkg/testkube	[no test files]
?   	github.com/jenkins-x/jx/pkg/tests	[no test files]
ok  	github.com/jenkins-x/jx/pkg/users	0.431s	coverage: 0.0% of statements [no tests to run]
ok  	github.com/jenkins-x/jx/pkg/util	10.411s	coverage: 24.2% of statements
?   	github.com/jenkins-x/jx/pkg/util/mocks	[no test files]
ok  	github.com/jenkins-x/jx/pkg/util/system	0.831s	coverage: 33.3% of statements
ok  	github.com/jenkins-x/jx/pkg/vault	0.342s	coverage: 4.8% of statements
ok  	github.com/jenkins-x/jx/pkg/version	0.120s	coverage: 40.0% of statements
?   	github.com/jenkins-x/jx/pkg/workflow	[no test files]
rm -rf build release && mkdir build release
for os in linux darwin ; do \
	CGO_ENABLED=0 GOOS=$os GOARCH=amd64 GO111MODULE=on GO15VENDOREXPERIMENT=1 go build -ldflags " -X github.com/jenkins-x/jx/pkg/version.Version=1.3.738 -X github.com/jenkins-x/jx/pkg/version.Revision='f821fa4f' -X github.com/jenkins-x/jx/pkg/version.Branch='master' -X github.com/jenkins-x/jx/pkg/version.BuildDate='20190116-12:42:06' -X github.com/jenkins-x/jx/pkg/version.GoVersion='1.11.4'" -o build/$os/jx cmd/jx/jx.go ; \
done
CGO_ENABLED=0 GOOS=windows GOARCH=amd64 GO111MODULE=on GO15VENDOREXPERIMENT=1 go build -ldflags " -X github.com/jenkins-x/jx/pkg/version.Version=1.3.738 -X github.com/jenkins-x/jx/pkg/version.Revision='f821fa4f' -X github.com/jenkins-x/jx/pkg/version.Branch='master' -X github.com/jenkins-x/jx/pkg/version.BuildDate='20190116-12:42:06' -X github.com/jenkins-x/jx/pkg/version.GoVersion='1.11.4'" -o build/jx-windows-amd64.exe cmd/jx/jx.go
go: downloading github.com/StackExchange/wmi v0.0.0-20180116203802-5d049714c4a6
go: downloading github.com/shirou/w32 v0.0.0-20160930032740-bb4de0191aa4
go: downloading github.com/go-ole/go-ole v1.2.1
go: downloading github.com/inconshreveable/mousetrap v1.0.0
zip --junk-paths release/jx-windows-amd64.zip build/jx-windows-amd64.exe README.md LICENSE
  adding: jx-windows-amd64.exe (deflated 65%)
  adding: README.md (deflated 62%)
  adding: LICENSE (deflated 65%)
CGO_ENABLED=0 GOOS=linux GOARCH=arm GO111MODULE=on GO15VENDOREXPERIMENT=1 go build -ldflags " -X github.com/jenkins-x/jx/pkg/version.Version=1.3.738 -X github.com/jenkins-x/jx/pkg/version.Revision='f821fa4f' -X github.com/jenkins-x/jx/pkg/version.Branch='master' -X github.com/jenkins-x/jx/pkg/version.BuildDate='20190116-12:42:06' -X github.com/jenkins-x/jx/pkg/version.GoVersion='1.11.4'" -o build/arm/jx cmd/jx/jx.go
docker build --ulimit nofile=90000:90000 -t docker.io/jenkinsxio/jx:1.3.738 .
Sending build context to Docker daemon  478.9MB
Step 1/3 : FROM centos:7
 ---> 1e1148e4cc2c
Step 2/3 : ENTRYPOINT jx version
 ---> Running in c4c7e886829b
 ---> 77a0fbd3e1f7
Removing intermediate container c4c7e886829b
Step 3/3 : COPY ./build/linux/jx /usr/bin/jx
 ---> 78f2410c72b6
Removing intermediate container 0210c43e584e
Successfully built 78f2410c72b6
docker push docker.io/jenkinsxio/jx:1.3.738
The push refers to a repository [docker.io/jenkinsxio/jx]
399c1501a1a8: Preparing
071d8bd76517: Preparing
071d8bd76517: Mounted from jenkinsxio/builder-slim
399c1501a1a8: Pushed
1.3.738: digest: sha256:35b178683ddcc5027cf9937db3ec3a3a2b8daf77d0859d4b1eaf2d7e3d30d99e size: 741
chmod +x build/darwin/jx
chmod +x build/linux/jx
chmod +x build/arm/jx
cd ./build/darwin; tar -zcvf ../../release/jx-darwin-amd64.tar.gz jx
jx
cd ./build/linux; tar -zcvf ../../release/jx-linux-amd64.tar.gz jx
jx
cd ./build/arm; tar -zcvf ../../release/jx-linux-arm.tar.gz jx
jx
go get -u github.com/progrium/gh-release
go get: warning: modules disabled by GO111MODULE=auto in GOPATH/src;
	ignoring go.mod;
	see 'go help modules'
gh-release checksums sha256
Writing sha256 checksum files...
gh-release create jenkins-x/jx 1.3.738 master 1.3.738
Creating release v1.3.738 from branch master ...
Makefile:163: recipe for target 'release' failed
make: *** [release] Error 2
[Pipeline] }
[Pipeline] // dir
[Pipeline] }
[Pipeline] // stage
[Pipeline] }
[Pipeline] // withEnv
[Pipeline] }
[Pipeline] // withCredentials
[Pipeline] }
[Pipeline] // node
[Pipeline] End of Pipeline
ERROR: script returned exit code 2
Finished: FAILURE
